0 info it worked if it ends with ok
1 verbose cli [ '/usr/bin/node',
1 verbose cli   '/usr/bin/npm',
1 verbose cli   'install',
1 verbose cli   '--save-dev',
1 verbose cli   'gulp-surge' ]
2 info using npm@3.5.2
3 info using node@v8.10.0
4 silly loadCurrentTree Starting
5 silly install loadCurrentTree
6 silly install readLocalPackageData
7 silly fetchPackageMetaData gulp-surge
8 silly fetchNamedPackageData gulp-surge
9 silly mapToRegistry name gulp-surge
10 silly mapToRegistry using default registry
11 silly mapToRegistry registry https://registry.npmjs.org/
12 silly mapToRegistry uri https://registry.npmjs.org/gulp-surge
13 verbose request uri https://registry.npmjs.org/gulp-surge
14 verbose request no auth needed
15 info attempt registry request try #1 at 21.00.59
16 verbose request id 17a87e6f44fb34a5
17 verbose etag W/"9ec36c67539014c3538f2014d302e8ed"
18 verbose lastModified Mon, 27 Jul 2020 00:10:48 GMT
19 http request GET https://registry.npmjs.org/gulp-surge
20 http 304 https://registry.npmjs.org/gulp-surge
21 verbose headers { date: 'Sun, 29 Nov 2020 14:00:59 GMT',
21 verbose headers   connection: 'keep-alive',
21 verbose headers   'set-cookie':
21 verbose headers    [ '__cfduid=de2ac23094d40b3932f0d666bf7d6ec391606658459; expires=Tue, 29-Dec-20 14:00:59 GMT; path=/; domain=.npmjs.org; HttpOnly; SameSite=Lax' ],
21 verbose headers   'cf-ray': '5f9cdbae4df51a46-SIN',
21 verbose headers   age: '76',
21 verbose headers   'cache-control': 'public, max-age=300',
21 verbose headers   etag: '"9ec36c67539014c3538f2014d302e8ed"',
21 verbose headers   'last-modified': 'Mon, 27 Jul 2020 00:10:48 GMT',
21 verbose headers   vary: 'Accept-Encoding',
21 verbose headers   'cf-cache-status': 'HIT',
21 verbose headers   'cf-request-id': '06b5e7a0e900001a46bf971000000001',
21 verbose headers   'expect-ct': 'max-age=604800, report-uri="https://report-uri.cloudflare.com/cdn-cgi/beacon/expect-ct"',
21 verbose headers   server: 'cloudflare' }
22 silly get cb [ 304,
22 silly get   { date: 'Sun, 29 Nov 2020 14:00:59 GMT',
22 silly get     connection: 'keep-alive',
22 silly get     'set-cookie':
22 silly get      [ '__cfduid=de2ac23094d40b3932f0d666bf7d6ec391606658459; expires=Tue, 29-Dec-20 14:00:59 GMT; path=/; domain=.npmjs.org; HttpOnly; SameSite=Lax' ],
22 silly get     'cf-ray': '5f9cdbae4df51a46-SIN',
22 silly get     age: '76',
22 silly get     'cache-control': 'public, max-age=300',
22 silly get     etag: '"9ec36c67539014c3538f2014d302e8ed"',
22 silly get     'last-modified': 'Mon, 27 Jul 2020 00:10:48 GMT',
22 silly get     vary: 'Accept-Encoding',
22 silly get     'cf-cache-status': 'HIT',
22 silly get     'cf-request-id': '06b5e7a0e900001a46bf971000000001',
22 silly get     'expect-ct': 'max-age=604800, report-uri="https://report-uri.cloudflare.com/cdn-cgi/beacon/expect-ct"',
22 silly get     server: 'cloudflare' } ]
23 verbose etag https://registry.npmjs.org/gulp-surge from cache
24 verbose get saving gulp-surge to /home/wilfauzy/.npm/registry.npmjs.org/gulp-surge/.cache.json
25 silly install normalizeTree
26 silly loadCurrentTree Finishing
27 silly loadIdealTree Starting
28 silly install loadIdealTree
29 silly cloneCurrentTree Starting
30 silly install cloneCurrentTreeToIdealTree
31 silly cloneCurrentTree Finishing
32 silly loadShrinkwrap Starting
33 silly install loadShrinkwrap
34 silly loadShrinkwrap Finishing
35 silly loadAllDepsIntoIdealTree Starting
36 silly install loadAllDepsIntoIdealTree
37 silly resolveWithNewModule gulp-surge@0.1.4 checking installable status
38 silly cache add args [ 'gulp-surge', null ]
39 verbose cache add spec gulp-surge
40 silly cache add parsed spec Result {
40 silly cache add   raw: 'gulp-surge',
40 silly cache add   scope: null,
40 silly cache add   name: 'gulp-surge',
40 silly cache add   rawSpec: '',
40 silly cache add   spec: 'latest',
40 silly cache add   type: 'tag' }
41 silly addNamed gulp-surge@latest
42 verbose addNamed "latest" is being treated as a dist-tag for gulp-surge
43 info addNameTag [ 'gulp-surge', 'latest' ]
44 silly mapToRegistry name gulp-surge
45 silly mapToRegistry using default registry
46 silly mapToRegistry registry https://registry.npmjs.org/
47 silly mapToRegistry uri https://registry.npmjs.org/gulp-surge
48 verbose addNameTag registry:https://registry.npmjs.org/gulp-surge not in flight; fetching
49 verbose get https://registry.npmjs.org/gulp-surge not expired, no request
50 silly addNameTag next cb for gulp-surge with tag latest
51 silly addNamed gulp-surge@0.1.4
52 verbose addNamed "0.1.4" is a plain semver version for gulp-surge
53 silly cache afterAdd gulp-surge@0.1.4
54 verbose afterAdd /home/wilfauzy/.npm/gulp-surge/0.1.4/package/package.json not in flight; writing
55 verbose afterAdd /home/wilfauzy/.npm/gulp-surge/0.1.4/package/package.json written
56 silly fetchNamedPackageData surge
57 silly mapToRegistry name surge
58 silly mapToRegistry using default registry
59 silly mapToRegistry registry https://registry.npmjs.org/
60 silly mapToRegistry uri https://registry.npmjs.org/surge
61 verbose request uri https://registry.npmjs.org/surge
62 verbose request no auth needed
63 info attempt registry request try #1 at 21.01.04
64 verbose etag W/"2d3e8f50e19c084f6079949e00b96736"
65 verbose lastModified Tue, 10 Nov 2020 10:51:24 GMT
66 http request GET https://registry.npmjs.org/surge
67 http 304 https://registry.npmjs.org/surge
68 verbose headers { date: 'Sun, 29 Nov 2020 14:01:05 GMT',
68 verbose headers   connection: 'keep-alive',
68 verbose headers   'set-cookie':
68 verbose headers    [ '__cfduid=d938719cbf2be00f9f1428b99648dc7b51606658465; expires=Tue, 29-Dec-20 14:01:05 GMT; path=/; domain=.npmjs.org; HttpOnly; SameSite=Lax' ],
68 verbose headers   'cf-ray': '5f9cdbcf2c3e1a46-SIN',
68 verbose headers   age: '1987',
68 verbose headers   'cache-control': 'public, max-age=300',
68 verbose headers   etag: '"2d3e8f50e19c084f6079949e00b96736"',
68 verbose headers   'last-modified': 'Tue, 10 Nov 2020 10:51:24 GMT',
68 verbose headers   vary: 'Accept-Encoding',
68 verbose headers   'cf-cache-status': 'HIT',
68 verbose headers   'cf-request-id': '06b5e7b57d00001a46921e8000000001',
68 verbose headers   'expect-ct': 'max-age=604800, report-uri="https://report-uri.cloudflare.com/cdn-cgi/beacon/expect-ct"',
68 verbose headers   server: 'cloudflare' }
69 silly get cb [ 304,
69 silly get   { date: 'Sun, 29 Nov 2020 14:01:05 GMT',
69 silly get     connection: 'keep-alive',
69 silly get     'set-cookie':
69 silly get      [ '__cfduid=d938719cbf2be00f9f1428b99648dc7b51606658465; expires=Tue, 29-Dec-20 14:01:05 GMT; path=/; domain=.npmjs.org; HttpOnly; SameSite=Lax' ],
69 silly get     'cf-ray': '5f9cdbcf2c3e1a46-SIN',
69 silly get     age: '1987',
69 silly get     'cache-control': 'public, max-age=300',
69 silly get     etag: '"2d3e8f50e19c084f6079949e00b96736"',
69 silly get     'last-modified': 'Tue, 10 Nov 2020 10:51:24 GMT',
69 silly get     vary: 'Accept-Encoding',
69 silly get     'cf-cache-status': 'HIT',
69 silly get     'cf-request-id': '06b5e7b57d00001a46921e8000000001',
69 silly get     'expect-ct': 'max-age=604800, report-uri="https://report-uri.cloudflare.com/cdn-cgi/beacon/expect-ct"',
69 silly get     server: 'cloudflare' } ]
70 verbose etag https://registry.npmjs.org/surge from cache
71 verbose get saving surge to /home/wilfauzy/.npm/registry.npmjs.org/surge/.cache.json
72 silly resolveWithNewModule surge@0.20.5 checking installable status
73 silly cache add args [ 'surge@^0.20.1', null ]
74 verbose cache add spec surge@^0.20.1
75 silly cache add parsed spec Result {
75 silly cache add   raw: 'surge@^0.20.1',
75 silly cache add   scope: null,
75 silly cache add   name: 'surge',
75 silly cache add   rawSpec: '^0.20.1',
75 silly cache add   spec: '>=0.20.1 <0.21.0',
75 silly cache add   type: 'range' }
76 silly addNamed surge@>=0.20.1 <0.21.0
77 verbose addNamed ">=0.20.1 <0.21.0" is a valid semver range for surge
78 silly addNameRange { name: 'surge', range: '>=0.20.1 <0.21.0', hasData: false }
79 silly mapToRegistry name surge
80 silly mapToRegistry using default registry
81 silly mapToRegistry registry https://registry.npmjs.org/
82 silly mapToRegistry uri https://registry.npmjs.org/surge
83 verbose addNameRange registry:https://registry.npmjs.org/surge not in flight; fetching
84 verbose get https://registry.npmjs.org/surge not expired, no request
85 silly addNameRange number 2 { name: 'surge', range: '>=0.20.1 <0.21.0', hasData: true }
86 silly addNameRange versions [ 'surge',
86 silly addNameRange   [ '0.0.0',
86 silly addNameRange     '0.1.0',
86 silly addNameRange     '0.2.0',
86 silly addNameRange     '0.3.0',
86 silly addNameRange     '0.3.1',
86 silly addNameRange     '0.3.2',
86 silly addNameRange     '0.3.3',
86 silly addNameRange     '0.4.0',
86 silly addNameRange     '0.4.1',
86 silly addNameRange     '0.5.0',
86 silly addNameRange     '0.5.1',
86 silly addNameRange     '0.5.2',
86 silly addNameRange     '0.6.0',
86 silly addNameRange     '0.7.0',
86 silly addNameRange     '0.7.1',
86 silly addNameRange     '0.7.2',
86 silly addNameRange     '0.7.3',
86 silly addNameRange     '0.7.4',
86 silly addNameRange     '0.8.0',
86 silly addNameRange     '0.8.1',
86 silly addNameRange     '0.9.0',
86 silly addNameRange     '0.10.0',
86 silly addNameRange     '0.10.1',
86 silly addNameRange     '0.10.2',
86 silly addNameRange     '0.11.0',
86 silly addNameRange     '0.11.1',
86 silly addNameRange     '0.12.0',
86 silly addNameRange     '0.13.0',
86 silly addNameRange     '0.14.0',
86 silly addNameRange     '0.14.1',
86 silly addNameRange     '0.14.2',
86 silly addNameRange     '0.14.3',
86 silly addNameRange     '0.14.4',
86 silly addNameRange     '0.15.0',
86 silly addNameRange     '0.16.0',
86 silly addNameRange     '0.17.0',
86 silly addNameRange     '0.17.1',
86 silly addNameRange     '0.17.2',
86 silly addNameRange     '0.17.3',
86 silly addNameRange     '0.17.4',
86 silly addNameRange     '0.17.5',
86 silly addNameRange     '0.17.6',
86 silly addNameRange     '0.17.7',
86 silly addNameRange     '0.18.0',
86 silly addNameRange     '0.19.0',
86 silly addNameRange     '0.20.0',
86 silly addNameRange     '0.20.1',
86 silly addNameRange     '0.20.2',
86 silly addNameRange     '0.20.3',
86 silly addNameRange     '0.20.4',
86 silly addNameRange     '0.20.5',
86 silly addNameRange     '0.21.0',
86 silly addNameRange     '0.21.1',
86 silly addNameRange     '0.21.2',
86 silly addNameRange     '0.21.3',
86 silly addNameRange     '0.21.4',
86 silly addNameRange     '0.21.5',
86 silly addNameRange     '0.21.6',
86 silly addNameRange     '0.21.7' ] ]
87 silly addNamed surge@0.20.5
88 verbose addNamed "0.20.5" is a plain semver version for surge
89 silly cache afterAdd surge@0.20.5
90 verbose afterAdd /home/wilfauzy/.npm/surge/0.20.5/package/package.json not in flight; writing
91 verbose afterAdd /home/wilfauzy/.npm/surge/0.20.5/package/package.json written
92 silly fetchNamedPackageData fstream-ignore
93 silly mapToRegistry name fstream-ignore
94 silly mapToRegistry using default registry
95 silly mapToRegistry registry https://registry.npmjs.org/
96 silly mapToRegistry uri https://registry.npmjs.org/fstream-ignore
97 silly fetchNamedPackageData minimist
98 silly mapToRegistry name minimist
99 silly mapToRegistry using default registry
100 silly mapToRegistry registry https://registry.npmjs.org/
101 silly mapToRegistry uri https://registry.npmjs.org/minimist
102 silly fetchNamedPackageData prompt
103 silly mapToRegistry name prompt
104 silly mapToRegistry using default registry
105 silly mapToRegistry registry https://registry.npmjs.org/
106 silly mapToRegistry uri https://registry.npmjs.org/prompt
107 silly fetchNamedPackageData split
108 silly mapToRegistry name split
109 silly mapToRegistry using default registry
110 silly mapToRegistry registry https://registry.npmjs.org/
111 silly mapToRegistry uri https://registry.npmjs.org/split
112 silly fetchNamedPackageData tarr
113 silly mapToRegistry name tarr
114 silly mapToRegistry using default registry
115 silly mapToRegistry registry https://registry.npmjs.org/
116 silly mapToRegistry uri https://registry.npmjs.org/tarr
117 verbose request uri https://registry.npmjs.org/fstream-ignore
118 verbose request no auth needed
119 info attempt registry request try #1 at 21.01.05
120 verbose etag W/"72fc32d3948520fdaf44c0fb33eac6ca"
121 verbose lastModified Mon, 19 Oct 2020 13:50:08 GMT
122 http request GET https://registry.npmjs.org/fstream-ignore
123 verbose request uri https://registry.npmjs.org/minimist
124 verbose request no auth needed
125 info attempt registry request try #1 at 21.01.05
126 verbose etag W/"ea8c126ce847f669f2f6b1edf10219fd"
127 verbose lastModified Tue, 16 Jun 2020 04:12:41 GMT
128 http request GET https://registry.npmjs.org/minimist
129 verbose request uri https://registry.npmjs.org/prompt
130 verbose request no auth needed
131 info attempt registry request try #1 at 21.01.05
132 verbose etag W/"5cabd7a8b7968eb7ef6bb217814715c9"
133 verbose lastModified Wed, 16 Jan 2019 11:19:37 GMT
134 http request GET https://registry.npmjs.org/prompt
135 verbose request uri https://registry.npmjs.org/split
136 verbose request no auth needed
137 info attempt registry request try #1 at 21.01.05
138 verbose etag W/"edff76472bfd10522744f691904c144e"
139 verbose lastModified Sat, 05 Jan 2019 13:03:59 GMT
140 http request GET https://registry.npmjs.org/split
141 verbose request uri https://registry.npmjs.org/tarr
142 verbose request no auth needed
143 info attempt registry request try #1 at 21.01.05
144 verbose etag W/"0d7056a5794504851fc1bbc5145a36c9"
145 verbose lastModified Mon, 03 Jun 2019 21:06:09 GMT
146 http request GET https://registry.npmjs.org/tarr
147 http 304 https://registry.npmjs.org/fstream-ignore
148 verbose headers { date: 'Sun, 29 Nov 2020 14:01:05 GMT',
148 verbose headers   connection: 'keep-alive',
148 verbose headers   'set-cookie':
148 verbose headers    [ '__cfduid=d938719cbf2be00f9f1428b99648dc7b51606658465; expires=Tue, 29-Dec-20 14:01:05 GMT; path=/; domain=.npmjs.org; HttpOnly; SameSite=Lax' ],
148 verbose headers   'cf-ray': '5f9cdbd22eae1a46-SIN',
148 verbose headers   age: '78',
148 verbose headers   'cache-control': 'public, max-age=300',
148 verbose headers   etag: '"72fc32d3948520fdaf44c0fb33eac6ca"',
148 verbose headers   'last-modified': 'Mon, 19 Oct 2020 13:50:08 GMT',
148 verbose headers   vary: 'Accept-Encoding',
148 verbose headers   'cf-cache-status': 'HIT',
148 verbose headers   'cf-request-id': '06b5e7b75c00001a4683baf000000001',
148 verbose headers   'expect-ct': 'max-age=604800, report-uri="https://report-uri.cloudflare.com/cdn-cgi/beacon/expect-ct"',
148 verbose headers   server: 'cloudflare' }
149 silly get cb [ 304,
149 silly get   { date: 'Sun, 29 Nov 2020 14:01:05 GMT',
149 silly get     connection: 'keep-alive',
149 silly get     'set-cookie':
149 silly get      [ '__cfduid=d938719cbf2be00f9f1428b99648dc7b51606658465; expires=Tue, 29-Dec-20 14:01:05 GMT; path=/; domain=.npmjs.org; HttpOnly; SameSite=Lax' ],
149 silly get     'cf-ray': '5f9cdbd22eae1a46-SIN',
149 silly get     age: '78',
149 silly get     'cache-control': 'public, max-age=300',
149 silly get     etag: '"72fc32d3948520fdaf44c0fb33eac6ca"',
149 silly get     'last-modified': 'Mon, 19 Oct 2020 13:50:08 GMT',
149 silly get     vary: 'Accept-Encoding',
149 silly get     'cf-cache-status': 'HIT',
149 silly get     'cf-request-id': '06b5e7b75c00001a4683baf000000001',
149 silly get     'expect-ct': 'max-age=604800, report-uri="https://report-uri.cloudflare.com/cdn-cgi/beacon/expect-ct"',
149 silly get     server: 'cloudflare' } ]
150 verbose etag https://registry.npmjs.org/fstream-ignore from cache
151 verbose get saving fstream-ignore to /home/wilfauzy/.npm/registry.npmjs.org/fstream-ignore/.cache.json
152 silly resolveWithNewModule fstream-ignore@1.0.5 checking installable status
153 silly cache add args [ 'fstream-ignore@^1.0.5', null ]
154 verbose cache add spec fstream-ignore@^1.0.5
155 silly cache add parsed spec Result {
155 silly cache add   raw: 'fstream-ignore@^1.0.5',
155 silly cache add   scope: null,
155 silly cache add   name: 'fstream-ignore',
155 silly cache add   rawSpec: '^1.0.5',
155 silly cache add   spec: '>=1.0.5 <2.0.0',
155 silly cache add   type: 'range' }
156 silly addNamed fstream-ignore@>=1.0.5 <2.0.0
157 verbose addNamed ">=1.0.5 <2.0.0" is a valid semver range for fstream-ignore
158 silly addNameRange { name: 'fstream-ignore',
158 silly addNameRange   range: '>=1.0.5 <2.0.0',
158 silly addNameRange   hasData: false }
159 silly mapToRegistry name fstream-ignore
160 silly mapToRegistry using default registry
161 silly mapToRegistry registry https://registry.npmjs.org/
162 silly mapToRegistry uri https://registry.npmjs.org/fstream-ignore
163 verbose addNameRange registry:https://registry.npmjs.org/fstream-ignore not in flight; fetching
164 verbose get https://registry.npmjs.org/fstream-ignore not expired, no request
165 silly addNameRange number 2 { name: 'fstream-ignore',
165 silly addNameRange   range: '>=1.0.5 <2.0.0',
165 silly addNameRange   hasData: true }
166 silly addNameRange versions [ 'fstream-ignore',
166 silly addNameRange   [ '0.0.1',
166 silly addNameRange     '0.0.2',
166 silly addNameRange     '0.0.3',
166 silly addNameRange     '0.0.4',
166 silly addNameRange     '0.0.5',
166 silly addNameRange     '0.0.6',
166 silly addNameRange     '0.0.7',
166 silly addNameRange     '0.0.8',
166 silly addNameRange     '0.0.9',
166 silly addNameRange     '0.0.10',
166 silly addNameRange     '1.0.0',
166 silly addNameRange     '1.0.1',
166 silly addNameRange     '1.0.2',
166 silly addNameRange     '1.0.3',
166 silly addNameRange     '1.0.4',
166 silly addNameRange     '1.0.5' ] ]
167 silly addNamed fstream-ignore@1.0.5
168 verbose addNamed "1.0.5" is a plain semver version for fstream-ignore
169 silly cache afterAdd fstream-ignore@1.0.5
170 verbose afterAdd /home/wilfauzy/.npm/fstream-ignore/1.0.5/package/package.json not in flight; writing
171 verbose afterAdd /home/wilfauzy/.npm/fstream-ignore/1.0.5/package/package.json written
172 http 304 https://registry.npmjs.org/tarr
173 verbose headers { date: 'Sun, 29 Nov 2020 14:01:05 GMT',
173 verbose headers   connection: 'keep-alive',
173 verbose headers   'set-cookie':
173 verbose headers    [ '__cfduid=df55f3540db8cbc774a23a3aaa875eba21606658465; expires=Tue, 29-Dec-20 14:01:05 GMT; path=/; domain=.npmjs.org; HttpOnly; SameSite=Lax' ],
173 verbose headers   'cf-ray': '5f9cdbd2dc21d9bc-SIN',
173 verbose headers   age: '1979',
173 verbose headers   'cache-control': 'public, max-age=300',
173 verbose headers   etag: '"0d7056a5794504851fc1bbc5145a36c9"',
173 verbose headers   'last-modified': 'Mon, 03 Jun 2019 21:06:09 GMT',
173 verbose headers   vary: 'Accept-Encoding',
173 verbose headers   'cf-cache-status': 'HIT',
173 verbose headers   'cf-request-id': '06b5e7b7d10000d9bc75819000000001',
173 verbose headers   'expect-ct': 'max-age=604800, report-uri="https://report-uri.cloudflare.com/cdn-cgi/beacon/expect-ct"',
173 verbose headers   server: 'cloudflare' }
174 silly get cb [ 304,
174 silly get   { date: 'Sun, 29 Nov 2020 14:01:05 GMT',
174 silly get     connection: 'keep-alive',
174 silly get     'set-cookie':
174 silly get      [ '__cfduid=df55f3540db8cbc774a23a3aaa875eba21606658465; expires=Tue, 29-Dec-20 14:01:05 GMT; path=/; domain=.npmjs.org; HttpOnly; SameSite=Lax' ],
174 silly get     'cf-ray': '5f9cdbd2dc21d9bc-SIN',
174 silly get     age: '1979',
174 silly get     'cache-control': 'public, max-age=300',
174 silly get     etag: '"0d7056a5794504851fc1bbc5145a36c9"',
174 silly get     'last-modified': 'Mon, 03 Jun 2019 21:06:09 GMT',
174 silly get     vary: 'Accept-Encoding',
174 silly get     'cf-cache-status': 'HIT',
174 silly get     'cf-request-id': '06b5e7b7d10000d9bc75819000000001',
174 silly get     'expect-ct': 'max-age=604800, report-uri="https://report-uri.cloudflare.com/cdn-cgi/beacon/expect-ct"',
174 silly get     server: 'cloudflare' } ]
175 verbose etag https://registry.npmjs.org/tarr from cache
176 verbose get saving tarr to /home/wilfauzy/.npm/registry.npmjs.org/tarr/.cache.json
177 http 304 https://registry.npmjs.org/minimist
178 verbose headers { date: 'Sun, 29 Nov 2020 14:01:05 GMT',
178 verbose headers   connection: 'keep-alive',
178 verbose headers   'set-cookie':
178 verbose headers    [ '__cfduid=d51de6c785f4b94b551dd4f2a6bfeb9061606658465; expires=Tue, 29-Dec-20 14:01:05 GMT; path=/; domain=.npmjs.org; HttpOnly; SameSite=Lax' ],
178 verbose headers   'cf-ray': '5f9cdbd2f9341ac0-SIN',
178 verbose headers   age: '5550',
178 verbose headers   'cache-control': 'public, max-age=300',
178 verbose headers   etag: '"ea8c126ce847f669f2f6b1edf10219fd"',
178 verbose headers   'last-modified': 'Tue, 16 Jun 2020 04:12:41 GMT',
178 verbose headers   vary: 'Accept-Encoding',
178 verbose headers   'cf-cache-status': 'HIT',
178 verbose headers   'cf-request-id': '06b5e7b7d600001ac06f8d9000000001',
178 verbose headers   'expect-ct': 'max-age=604800, report-uri="https://report-uri.cloudflare.com/cdn-cgi/beacon/expect-ct"',
178 verbose headers   server: 'cloudflare' }
179 silly get cb [ 304,
179 silly get   { date: 'Sun, 29 Nov 2020 14:01:05 GMT',
179 silly get     connection: 'keep-alive',
179 silly get     'set-cookie':
179 silly get      [ '__cfduid=d51de6c785f4b94b551dd4f2a6bfeb9061606658465; expires=Tue, 29-Dec-20 14:01:05 GMT; path=/; domain=.npmjs.org; HttpOnly; SameSite=Lax' ],
179 silly get     'cf-ray': '5f9cdbd2f9341ac0-SIN',
179 silly get     age: '5550',
179 silly get     'cache-control': 'public, max-age=300',
179 silly get     etag: '"ea8c126ce847f669f2f6b1edf10219fd"',
179 silly get     'last-modified': 'Tue, 16 Jun 2020 04:12:41 GMT',
179 silly get     vary: 'Accept-Encoding',
179 silly get     'cf-cache-status': 'HIT',
179 silly get     'cf-request-id': '06b5e7b7d600001ac06f8d9000000001',
179 silly get     'expect-ct': 'max-age=604800, report-uri="https://report-uri.cloudflare.com/cdn-cgi/beacon/expect-ct"',
179 silly get     server: 'cloudflare' } ]
180 verbose etag https://registry.npmjs.org/minimist from cache
181 verbose get saving minimist to /home/wilfauzy/.npm/registry.npmjs.org/minimist/.cache.json
182 silly resolveWithNewModule tarr@1.0.3 checking installable status
183 silly cache add args [ 'tarr@1.0.3', null ]
184 verbose cache add spec tarr@1.0.3
185 silly cache add parsed spec Result {
185 silly cache add   raw: 'tarr@1.0.3',
185 silly cache add   scope: null,
185 silly cache add   name: 'tarr',
185 silly cache add   rawSpec: '1.0.3',
185 silly cache add   spec: '1.0.3',
185 silly cache add   type: 'version' }
186 silly addNamed tarr@1.0.3
187 verbose addNamed "1.0.3" is a plain semver version for tarr
188 silly mapToRegistry name tarr
189 silly mapToRegistry using default registry
190 silly mapToRegistry registry https://registry.npmjs.org/
191 silly mapToRegistry uri https://registry.npmjs.org/tarr
192 verbose addNameVersion registry:https://registry.npmjs.org/tarr not in flight; fetching
193 http 304 https://registry.npmjs.org/split
194 verbose headers { date: 'Sun, 29 Nov 2020 14:01:05 GMT',
194 verbose headers   connection: 'keep-alive',
194 verbose headers   'set-cookie':
194 verbose headers    [ '__cfduid=d3a30cad35118dc29d93022ed16cd19df1606658465; expires=Tue, 29-Dec-20 14:01:05 GMT; path=/; domain=.npmjs.org; HttpOnly; SameSite=Lax' ],
194 verbose headers   'cf-ray': '5f9cdbd2ef45dd3e-SIN',
194 verbose headers   age: '1267',
194 verbose headers   'cache-control': 'public, max-age=300',
194 verbose headers   etag: '"edff76472bfd10522744f691904c144e"',
194 verbose headers   'last-modified': 'Sat, 05 Jan 2019 13:03:59 GMT',
194 verbose headers   vary: 'Accept-Encoding',
194 verbose headers   'cf-cache-status': 'HIT',
194 verbose headers   'cf-request-id': '06b5e7b7d00000dd3e0a8fb000000001',
194 verbose headers   'expect-ct': 'max-age=604800, report-uri="https://report-uri.cloudflare.com/cdn-cgi/beacon/expect-ct"',
194 verbose headers   server: 'cloudflare' }
195 silly get cb [ 304,
195 silly get   { date: 'Sun, 29 Nov 2020 14:01:05 GMT',
195 silly get     connection: 'keep-alive',
195 silly get     'set-cookie':
195 silly get      [ '__cfduid=d3a30cad35118dc29d93022ed16cd19df1606658465; expires=Tue, 29-Dec-20 14:01:05 GMT; path=/; domain=.npmjs.org; HttpOnly; SameSite=Lax' ],
195 silly get     'cf-ray': '5f9cdbd2ef45dd3e-SIN',
195 silly get     age: '1267',
195 silly get     'cache-control': 'public, max-age=300',
195 silly get     etag: '"edff76472bfd10522744f691904c144e"',
195 silly get     'last-modified': 'Sat, 05 Jan 2019 13:03:59 GMT',
195 silly get     vary: 'Accept-Encoding',
195 silly get     'cf-cache-status': 'HIT',
195 silly get     'cf-request-id': '06b5e7b7d00000dd3e0a8fb000000001',
195 silly get     'expect-ct': 'max-age=604800, report-uri="https://report-uri.cloudflare.com/cdn-cgi/beacon/expect-ct"',
195 silly get     server: 'cloudflare' } ]
196 verbose etag https://registry.npmjs.org/split from cache
197 verbose get saving split to /home/wilfauzy/.npm/registry.npmjs.org/split/.cache.json
198 silly resolveWithNewModule minimist@1.1.1 checking installable status
199 silly cache add args [ 'minimist@1.1.1', null ]
200 verbose cache add spec minimist@1.1.1
201 silly cache add parsed spec Result {
201 silly cache add   raw: 'minimist@1.1.1',
201 silly cache add   scope: null,
201 silly cache add   name: 'minimist',
201 silly cache add   rawSpec: '1.1.1',
201 silly cache add   spec: '1.1.1',
201 silly cache add   type: 'version' }
202 silly addNamed minimist@1.1.1
203 verbose addNamed "1.1.1" is a plain semver version for minimist
204 silly mapToRegistry name minimist
205 silly mapToRegistry using default registry
206 silly mapToRegistry registry https://registry.npmjs.org/
207 silly mapToRegistry uri https://registry.npmjs.org/minimist
208 verbose addNameVersion registry:https://registry.npmjs.org/minimist not in flight; fetching
209 verbose get https://registry.npmjs.org/tarr not expired, no request
210 verbose get https://registry.npmjs.org/minimist not expired, no request
211 silly resolveWithNewModule split@0.3.1 checking installable status
212 silly cache add args [ 'split@0.3.1', null ]
213 verbose cache add spec split@0.3.1
214 silly cache add parsed spec Result {
214 silly cache add   raw: 'split@0.3.1',
214 silly cache add   scope: null,
214 silly cache add   name: 'split',
214 silly cache add   rawSpec: '0.3.1',
214 silly cache add   spec: '0.3.1',
214 silly cache add   type: 'version' }
215 silly addNamed split@0.3.1
216 verbose addNamed "0.3.1" is a plain semver version for split
217 silly mapToRegistry name split
218 silly mapToRegistry using default registry
219 silly mapToRegistry registry https://registry.npmjs.org/
220 silly mapToRegistry uri https://registry.npmjs.org/split
221 verbose addNameVersion registry:https://registry.npmjs.org/split not in flight; fetching
222 silly cache afterAdd tarr@1.0.3
223 verbose afterAdd /home/wilfauzy/.npm/tarr/1.0.3/package/package.json not in flight; writing
224 silly cache afterAdd minimist@1.1.1
225 verbose afterAdd /home/wilfauzy/.npm/minimist/1.1.1/package/package.json not in flight; writing
226 verbose get https://registry.npmjs.org/split not expired, no request
227 verbose afterAdd /home/wilfauzy/.npm/tarr/1.0.3/package/package.json written
228 verbose afterAdd /home/wilfauzy/.npm/minimist/1.1.1/package/package.json written
229 silly cache afterAdd split@0.3.1
230 verbose afterAdd /home/wilfauzy/.npm/split/0.3.1/package/package.json not in flight; writing
231 http 304 https://registry.npmjs.org/prompt
232 verbose headers { date: 'Sun, 29 Nov 2020 14:01:05 GMT',
232 verbose headers   connection: 'keep-alive',
232 verbose headers   'set-cookie':
232 verbose headers    [ '__cfduid=de48a219a66c22e799154d58dffaf8a311606658465; expires=Tue, 29-Dec-20 14:01:05 GMT; path=/; domain=.npmjs.org; HttpOnly; SameSite=Lax' ],
232 verbose headers   'cf-ray': '5f9cdbd2d9d6dcea-SIN',
232 verbose headers   age: '4451',
232 verbose headers   'cache-control': 'public, max-age=300',
232 verbose headers   etag: '"5cabd7a8b7968eb7ef6bb217814715c9"',
232 verbose headers   'last-modified': 'Wed, 16 Jan 2019 11:19:37 GMT',
232 verbose headers   vary: 'Accept-Encoding',
232 verbose headers   'cf-cache-status': 'HIT',
232 verbose headers   'cf-request-id': '06b5e7b7cd0000dcea1b11d000000001',
232 verbose headers   'expect-ct': 'max-age=604800, report-uri="https://report-uri.cloudflare.com/cdn-cgi/beacon/expect-ct"',
232 verbose headers   server: 'cloudflare' }
233 silly get cb [ 304,
233 silly get   { date: 'Sun, 29 Nov 2020 14:01:05 GMT',
233 silly get     connection: 'keep-alive',
233 silly get     'set-cookie':
233 silly get      [ '__cfduid=de48a219a66c22e799154d58dffaf8a311606658465; expires=Tue, 29-Dec-20 14:01:05 GMT; path=/; domain=.npmjs.org; HttpOnly; SameSite=Lax' ],
233 silly get     'cf-ray': '5f9cdbd2d9d6dcea-SIN',
233 silly get     age: '4451',
233 silly get     'cache-control': 'public, max-age=300',
233 silly get     etag: '"5cabd7a8b7968eb7ef6bb217814715c9"',
233 silly get     'last-modified': 'Wed, 16 Jan 2019 11:19:37 GMT',
233 silly get     vary: 'Accept-Encoding',
233 silly get     'cf-cache-status': 'HIT',
233 silly get     'cf-request-id': '06b5e7b7cd0000dcea1b11d000000001',
233 silly get     'expect-ct': 'max-age=604800, report-uri="https://report-uri.cloudflare.com/cdn-cgi/beacon/expect-ct"',
233 silly get     server: 'cloudflare' } ]
234 verbose etag https://registry.npmjs.org/prompt from cache
235 verbose get saving prompt to /home/wilfauzy/.npm/registry.npmjs.org/prompt/.cache.json
236 verbose afterAdd /home/wilfauzy/.npm/split/0.3.1/package/package.json written
237 silly resolveWithNewModule prompt@0.2.14 checking installable status
238 silly cache add args [ 'prompt@~0.2.14', null ]
239 verbose cache add spec prompt@~0.2.14
240 silly cache add parsed spec Result {
240 silly cache add   raw: 'prompt@~0.2.14',
240 silly cache add   scope: null,
240 silly cache add   name: 'prompt',
240 silly cache add   rawSpec: '~0.2.14',
240 silly cache add   spec: '>=0.2.14 <0.3.0',
240 silly cache add   type: 'range' }
241 silly addNamed prompt@>=0.2.14 <0.3.0
242 verbose addNamed ">=0.2.14 <0.3.0" is a valid semver range for prompt
243 silly addNameRange { name: 'prompt', range: '>=0.2.14 <0.3.0', hasData: false }
244 silly mapToRegistry name prompt
245 silly mapToRegistry using default registry
246 silly mapToRegistry registry https://registry.npmjs.org/
247 silly mapToRegistry uri https://registry.npmjs.org/prompt
248 verbose addNameRange registry:https://registry.npmjs.org/prompt not in flight; fetching
249 verbose get https://registry.npmjs.org/prompt not expired, no request
250 silly addNameRange number 2 { name: 'prompt', range: '>=0.2.14 <0.3.0', hasData: true }
251 silly addNameRange versions [ 'prompt',
251 silly addNameRange   [ '0.0.1',
251 silly addNameRange     '0.0.2',
251 silly addNameRange     '0.0.3',
251 silly addNameRange     '0.0.4',
251 silly addNameRange     '0.1.0',
251 silly addNameRange     '0.1.1',
251 silly addNameRange     '0.1.2',
251 silly addNameRange     '0.1.3',
251 silly addNameRange     '0.1.4',
251 silly addNameRange     '0.1.5',
251 silly addNameRange     '0.1.7',
251 silly addNameRange     '0.1.8',
251 silly addNameRange     '0.1.9',
251 silly addNameRange     '0.1.10',
251 silly addNameRange     '0.1.11',
251 silly addNameRange     '0.1.12',
251 silly addNameRange     '0.2.0',
251 silly addNameRange     '0.2.1',
251 silly addNameRange     '0.2.2',
251 silly addNameRange     '0.2.3',
251 silly addNameRange     '0.2.4',
251 silly addNameRange     '0.2.5',
251 silly addNameRange     '0.2.6',
251 silly addNameRange     '0.2.7',
251 silly addNameRange     '0.2.8',
251 silly addNameRange     '0.2.9',
251 silly addNameRange     '0.2.10',
251 silly addNameRange     '0.2.11',
251 silly addNameRange     '0.2.12',
251 silly addNameRange     '0.2.13',
251 silly addNameRange     '0.2.14',
251 silly addNameRange     '0.3.0',
251 silly addNameRange     '1.0.0' ] ]
252 silly addNamed prompt@0.2.14
253 verbose addNamed "0.2.14" is a plain semver version for prompt
254 silly cache afterAdd prompt@0.2.14
255 verbose afterAdd /home/wilfauzy/.npm/prompt/0.2.14/package/package.json not in flight; writing
256 verbose afterAdd /home/wilfauzy/.npm/prompt/0.2.14/package/package.json written
257 silly fetchNamedPackageData pkginfo
258 silly mapToRegistry name pkginfo
259 silly mapToRegistry using default registry
260 silly mapToRegistry registry https://registry.npmjs.org/
261 silly mapToRegistry uri https://registry.npmjs.org/pkginfo
262 silly fetchNamedPackageData revalidator
263 silly mapToRegistry name revalidator
264 silly mapToRegistry using default registry
265 silly mapToRegistry registry https://registry.npmjs.org/
266 silly mapToRegistry uri https://registry.npmjs.org/revalidator
267 silly fetchNamedPackageData utile
268 silly mapToRegistry name utile
269 silly mapToRegistry using default registry
270 silly mapToRegistry registry https://registry.npmjs.org/
271 silly mapToRegistry uri https://registry.npmjs.org/utile
272 silly fetchNamedPackageData winston
273 silly mapToRegistry name winston
274 silly mapToRegistry using default registry
275 silly mapToRegistry registry https://registry.npmjs.org/
276 silly mapToRegistry uri https://registry.npmjs.org/winston
277 verbose request uri https://registry.npmjs.org/pkginfo
278 verbose request no auth needed
279 info attempt registry request try #1 at 21.01.06
280 verbose etag W/"4041ff107939c930e7c74c7a90084e38"
281 verbose lastModified Sun, 27 May 2018 12:22:19 GMT
282 http request GET https://registry.npmjs.org/pkginfo
283 verbose request uri https://registry.npmjs.org/revalidator
284 verbose request no auth needed
285 info attempt registry request try #1 at 21.01.06
286 verbose etag W/"5542814e68b3f910a17d5a2e8f9e108c"
287 verbose lastModified Sun, 27 May 2018 16:01:55 GMT
288 http request GET https://registry.npmjs.org/revalidator
289 verbose request uri https://registry.npmjs.org/utile
290 verbose request no auth needed
291 info attempt registry request try #1 at 21.01.06
292 verbose etag W/"4164d38dc81cc18f7b1c8e8ca81bdac5"
293 verbose lastModified Sun, 27 May 2018 20:38:43 GMT
294 http request GET https://registry.npmjs.org/utile
295 verbose request uri https://registry.npmjs.org/winston
296 verbose request no auth needed
297 info attempt registry request try #1 at 21.01.06
298 verbose etag W/"b573c1bb638b94fa77cdb6e122da489e"
299 verbose lastModified Tue, 23 Jun 2020 22:31:29 GMT
300 http request GET https://registry.npmjs.org/winston
301 http 304 https://registry.npmjs.org/pkginfo
302 verbose headers { date: 'Sun, 29 Nov 2020 14:01:06 GMT',
302 verbose headers   connection: 'keep-alive',
302 verbose headers   'set-cookie':
302 verbose headers    [ '__cfduid=ded90bade045f7e7edfcf93164e35a8531606658466; expires=Tue, 29-Dec-20 14:01:06 GMT; path=/; domain=.npmjs.org; HttpOnly; SameSite=Lax' ],
302 verbose headers   'cf-ray': '5f9cdbd93d2a1a46-SIN',
302 verbose headers   age: '4448',
302 verbose headers   'cache-control': 'public, max-age=300',
302 verbose headers   etag: '"4041ff107939c930e7c74c7a90084e38"',
302 verbose headers   'last-modified': 'Sun, 27 May 2018 12:22:19 GMT',
302 verbose headers   vary: 'Accept-Encoding',
302 verbose headers   'cf-cache-status': 'HIT',
302 verbose headers   'cf-request-id': '06b5e7bbc300001a467719c000000001',
302 verbose headers   'expect-ct': 'max-age=604800, report-uri="https://report-uri.cloudflare.com/cdn-cgi/beacon/expect-ct"',
302 verbose headers   server: 'cloudflare' }
303 silly get cb [ 304,
303 silly get   { date: 'Sun, 29 Nov 2020 14:01:06 GMT',
303 silly get     connection: 'keep-alive',
303 silly get     'set-cookie':
303 silly get      [ '__cfduid=ded90bade045f7e7edfcf93164e35a8531606658466; expires=Tue, 29-Dec-20 14:01:06 GMT; path=/; domain=.npmjs.org; HttpOnly; SameSite=Lax' ],
303 silly get     'cf-ray': '5f9cdbd93d2a1a46-SIN',
303 silly get     age: '4448',
303 silly get     'cache-control': 'public, max-age=300',
303 silly get     etag: '"4041ff107939c930e7c74c7a90084e38"',
303 silly get     'last-modified': 'Sun, 27 May 2018 12:22:19 GMT',
303 silly get     vary: 'Accept-Encoding',
303 silly get     'cf-cache-status': 'HIT',
303 silly get     'cf-request-id': '06b5e7bbc300001a467719c000000001',
303 silly get     'expect-ct': 'max-age=604800, report-uri="https://report-uri.cloudflare.com/cdn-cgi/beacon/expect-ct"',
303 silly get     server: 'cloudflare' } ]
304 verbose etag https://registry.npmjs.org/pkginfo from cache
305 verbose get saving pkginfo to /home/wilfauzy/.npm/registry.npmjs.org/pkginfo/.cache.json
306 silly resolveWithNewModule pkginfo@0.4.1 checking installable status
307 silly cache add args [ 'pkginfo@0.x.x', null ]
308 verbose cache add spec pkginfo@0.x.x
309 silly cache add parsed spec Result {
309 silly cache add   raw: 'pkginfo@0.x.x',
309 silly cache add   scope: null,
309 silly cache add   name: 'pkginfo',
309 silly cache add   rawSpec: '0.x.x',
309 silly cache add   spec: '>=0.0.0 <1.0.0',
309 silly cache add   type: 'range' }
310 silly addNamed pkginfo@>=0.0.0 <1.0.0
311 verbose addNamed ">=0.0.0 <1.0.0" is a valid semver range for pkginfo
312 silly addNameRange { name: 'pkginfo', range: '>=0.0.0 <1.0.0', hasData: false }
313 silly mapToRegistry name pkginfo
314 silly mapToRegistry using default registry
315 silly mapToRegistry registry https://registry.npmjs.org/
316 silly mapToRegistry uri https://registry.npmjs.org/pkginfo
317 verbose addNameRange registry:https://registry.npmjs.org/pkginfo not in flight; fetching
318 http 304 https://registry.npmjs.org/revalidator
319 verbose headers { date: 'Sun, 29 Nov 2020 14:01:06 GMT',
319 verbose headers   connection: 'keep-alive',
319 verbose headers   'set-cookie':
319 verbose headers    [ '__cfduid=d28ea1c27b3b514ca3bfab9c41b13e9cf1606658466; expires=Tue, 29-Dec-20 14:01:06 GMT; path=/; domain=.npmjs.org; HttpOnly; SameSite=Lax' ],
319 verbose headers   'cf-ray': '5f9cdbd95a19d9bc-SIN',
319 verbose headers   age: '6025',
319 verbose headers   'cache-control': 'public, max-age=300',
319 verbose headers   etag: '"5542814e68b3f910a17d5a2e8f9e108c"',
319 verbose headers   'last-modified': 'Sun, 27 May 2018 16:01:55 GMT',
319 verbose headers   vary: 'Accept-Encoding',
319 verbose headers   'cf-cache-status': 'HIT',
319 verbose headers   'cf-request-id': '06b5e7bbd60000d9bc473ea000000001',
319 verbose headers   'expect-ct': 'max-age=604800, report-uri="https://report-uri.cloudflare.com/cdn-cgi/beacon/expect-ct"',
319 verbose headers   server: 'cloudflare' }
320 silly get cb [ 304,
320 silly get   { date: 'Sun, 29 Nov 2020 14:01:06 GMT',
320 silly get     connection: 'keep-alive',
320 silly get     'set-cookie':
320 silly get      [ '__cfduid=d28ea1c27b3b514ca3bfab9c41b13e9cf1606658466; expires=Tue, 29-Dec-20 14:01:06 GMT; path=/; domain=.npmjs.org; HttpOnly; SameSite=Lax' ],
320 silly get     'cf-ray': '5f9cdbd95a19d9bc-SIN',
320 silly get     age: '6025',
320 silly get     'cache-control': 'public, max-age=300',
320 silly get     etag: '"5542814e68b3f910a17d5a2e8f9e108c"',
320 silly get     'last-modified': 'Sun, 27 May 2018 16:01:55 GMT',
320 silly get     vary: 'Accept-Encoding',
320 silly get     'cf-cache-status': 'HIT',
320 silly get     'cf-request-id': '06b5e7bbd60000d9bc473ea000000001',
320 silly get     'expect-ct': 'max-age=604800, report-uri="https://report-uri.cloudflare.com/cdn-cgi/beacon/expect-ct"',
320 silly get     server: 'cloudflare' } ]
321 verbose etag https://registry.npmjs.org/revalidator from cache
322 verbose get saving revalidator to /home/wilfauzy/.npm/registry.npmjs.org/revalidator/.cache.json
323 http 304 https://registry.npmjs.org/winston
324 verbose headers { date: 'Sun, 29 Nov 2020 14:01:06 GMT',
324 verbose headers   connection: 'keep-alive',
324 verbose headers   'set-cookie':
324 verbose headers    [ '__cfduid=d8697930a80551a5f886bcb4df842bdbb1606658466; expires=Tue, 29-Dec-20 14:01:06 GMT; path=/; domain=.npmjs.org; HttpOnly; SameSite=Lax' ],
324 verbose headers   'cf-ray': '5f9cdbd95d23dd3e-SIN',
324 verbose headers   age: '470',
324 verbose headers   'cache-control': 'public, max-age=300',
324 verbose headers   etag: '"b573c1bb638b94fa77cdb6e122da489e"',
324 verbose headers   'last-modified': 'Tue, 23 Jun 2020 22:31:29 GMT',
324 verbose headers   vary: 'Accept-Encoding',
324 verbose headers   'cf-cache-status': 'HIT',
324 verbose headers   'cf-request-id': '06b5e7bbd70000dd3e5e1e4000000001',
324 verbose headers   'expect-ct': 'max-age=604800, report-uri="https://report-uri.cloudflare.com/cdn-cgi/beacon/expect-ct"',
324 verbose headers   server: 'cloudflare' }
325 silly get cb [ 304,
325 silly get   { date: 'Sun, 29 Nov 2020 14:01:06 GMT',
325 silly get     connection: 'keep-alive',
325 silly get     'set-cookie':
325 silly get      [ '__cfduid=d8697930a80551a5f886bcb4df842bdbb1606658466; expires=Tue, 29-Dec-20 14:01:06 GMT; path=/; domain=.npmjs.org; HttpOnly; SameSite=Lax' ],
325 silly get     'cf-ray': '5f9cdbd95d23dd3e-SIN',
325 silly get     age: '470',
325 silly get     'cache-control': 'public, max-age=300',
325 silly get     etag: '"b573c1bb638b94fa77cdb6e122da489e"',
325 silly get     'last-modified': 'Tue, 23 Jun 2020 22:31:29 GMT',
325 silly get     vary: 'Accept-Encoding',
325 silly get     'cf-cache-status': 'HIT',
325 silly get     'cf-request-id': '06b5e7bbd70000dd3e5e1e4000000001',
325 silly get     'expect-ct': 'max-age=604800, report-uri="https://report-uri.cloudflare.com/cdn-cgi/beacon/expect-ct"',
325 silly get     server: 'cloudflare' } ]
326 verbose etag https://registry.npmjs.org/winston from cache
327 verbose get saving winston to /home/wilfauzy/.npm/registry.npmjs.org/winston/.cache.json
328 verbose get https://registry.npmjs.org/pkginfo not expired, no request
329 silly addNameRange number 2 { name: 'pkginfo', range: '>=0.0.0 <1.0.0', hasData: true }
330 silly addNameRange versions [ 'pkginfo',
330 silly addNameRange   [ '0.2.1', '0.2.2', '0.2.3', '0.3.0', '0.3.1', '0.4.0', '0.4.1' ] ]
331 silly addNamed pkginfo@0.4.1
332 verbose addNamed "0.4.1" is a plain semver version for pkginfo
333 http 304 https://registry.npmjs.org/utile
334 verbose headers { date: 'Sun, 29 Nov 2020 14:01:06 GMT',
334 verbose headers   connection: 'keep-alive',
334 verbose headers   'set-cookie':
334 verbose headers    [ '__cfduid=ddf24e62be624b6e5de2999318b78f7f71606658466; expires=Tue, 29-Dec-20 14:01:06 GMT; path=/; domain=.npmjs.org; HttpOnly; SameSite=Lax' ],
334 verbose headers   'cf-ray': '5f9cdbd96d761ac0-SIN',
334 verbose headers   age: '6436',
334 verbose headers   'cache-control': 'public, max-age=300',
334 verbose headers   etag: '"4164d38dc81cc18f7b1c8e8ca81bdac5"',
334 verbose headers   'last-modified': 'Sun, 27 May 2018 20:38:43 GMT',
334 verbose headers   vary: 'Accept-Encoding',
334 verbose headers   'cf-cache-status': 'HIT',
334 verbose headers   'cf-request-id': '06b5e7bbe500001ac046963000000001',
334 verbose headers   'expect-ct': 'max-age=604800, report-uri="https://report-uri.cloudflare.com/cdn-cgi/beacon/expect-ct"',
334 verbose headers   server: 'cloudflare' }
335 silly get cb [ 304,
335 silly get   { date: 'Sun, 29 Nov 2020 14:01:06 GMT',
335 silly get     connection: 'keep-alive',
335 silly get     'set-cookie':
335 silly get      [ '__cfduid=ddf24e62be624b6e5de2999318b78f7f71606658466; expires=Tue, 29-Dec-20 14:01:06 GMT; path=/; domain=.npmjs.org; HttpOnly; SameSite=Lax' ],
335 silly get     'cf-ray': '5f9cdbd96d761ac0-SIN',
335 silly get     age: '6436',
335 silly get     'cache-control': 'public, max-age=300',
335 silly get     etag: '"4164d38dc81cc18f7b1c8e8ca81bdac5"',
335 silly get     'last-modified': 'Sun, 27 May 2018 20:38:43 GMT',
335 silly get     vary: 'Accept-Encoding',
335 silly get     'cf-cache-status': 'HIT',
335 silly get     'cf-request-id': '06b5e7bbe500001ac046963000000001',
335 silly get     'expect-ct': 'max-age=604800, report-uri="https://report-uri.cloudflare.com/cdn-cgi/beacon/expect-ct"',
335 silly get     server: 'cloudflare' } ]
336 verbose etag https://registry.npmjs.org/utile from cache
337 verbose get saving utile to /home/wilfauzy/.npm/registry.npmjs.org/utile/.cache.json
338 silly resolveWithNewModule revalidator@0.1.8 checking installable status
339 silly cache add args [ 'revalidator@0.1.x', null ]
340 verbose cache add spec revalidator@0.1.x
341 silly cache add parsed spec Result {
341 silly cache add   raw: 'revalidator@0.1.x',
341 silly cache add   scope: null,
341 silly cache add   name: 'revalidator',
341 silly cache add   rawSpec: '0.1.x',
341 silly cache add   spec: '>=0.1.0 <0.2.0',
341 silly cache add   type: 'range' }
342 silly addNamed revalidator@>=0.1.0 <0.2.0
343 verbose addNamed ">=0.1.0 <0.2.0" is a valid semver range for revalidator
344 silly addNameRange { name: 'revalidator', range: '>=0.1.0 <0.2.0', hasData: false }
345 silly mapToRegistry name revalidator
346 silly mapToRegistry using default registry
347 silly mapToRegistry registry https://registry.npmjs.org/
348 silly mapToRegistry uri https://registry.npmjs.org/revalidator
349 verbose addNameRange registry:https://registry.npmjs.org/revalidator not in flight; fetching
350 silly resolveWithNewModule winston@0.8.3 checking installable status
351 silly cache add args [ 'winston@0.8.x', null ]
352 verbose cache add spec winston@0.8.x
353 silly cache add parsed spec Result {
353 silly cache add   raw: 'winston@0.8.x',
353 silly cache add   scope: null,
353 silly cache add   name: 'winston',
353 silly cache add   rawSpec: '0.8.x',
353 silly cache add   spec: '>=0.8.0 <0.9.0',
353 silly cache add   type: 'range' }
354 silly addNamed winston@>=0.8.0 <0.9.0
355 verbose addNamed ">=0.8.0 <0.9.0" is a valid semver range for winston
356 silly addNameRange { name: 'winston', range: '>=0.8.0 <0.9.0', hasData: false }
357 silly mapToRegistry name winston
358 silly mapToRegistry using default registry
359 silly mapToRegistry registry https://registry.npmjs.org/
360 silly mapToRegistry uri https://registry.npmjs.org/winston
361 verbose addNameRange registry:https://registry.npmjs.org/winston not in flight; fetching
362 silly cache afterAdd pkginfo@0.4.1
363 verbose afterAdd /home/wilfauzy/.npm/pkginfo/0.4.1/package/package.json not in flight; writing
364 verbose get https://registry.npmjs.org/revalidator not expired, no request
365 silly addNameRange number 2 { name: 'revalidator', range: '>=0.1.0 <0.2.0', hasData: true }
366 silly addNameRange versions [ 'revalidator',
366 silly addNameRange   [ '0.1.0',
366 silly addNameRange     '0.1.1',
366 silly addNameRange     '0.1.2',
366 silly addNameRange     '0.1.3',
366 silly addNameRange     '0.1.5',
366 silly addNameRange     '0.1.6',
366 silly addNameRange     '0.1.7',
366 silly addNameRange     '0.1.8',
366 silly addNameRange     '0.2.0',
366 silly addNameRange     '0.3.0',
366 silly addNameRange     '0.3.1' ] ]
367 silly addNamed revalidator@0.1.8
368 verbose addNamed "0.1.8" is a plain semver version for revalidator
369 silly resolveWithNewModule utile@0.2.1 checking installable status
370 silly cache add args [ 'utile@0.2.x', null ]
371 verbose cache add spec utile@0.2.x
372 silly cache add parsed spec Result {
372 silly cache add   raw: 'utile@0.2.x',
372 silly cache add   scope: null,
372 silly cache add   name: 'utile',
372 silly cache add   rawSpec: '0.2.x',
372 silly cache add   spec: '>=0.2.0 <0.3.0',
372 silly cache add   type: 'range' }
373 silly addNamed utile@>=0.2.0 <0.3.0
374 verbose addNamed ">=0.2.0 <0.3.0" is a valid semver range for utile
375 silly addNameRange { name: 'utile', range: '>=0.2.0 <0.3.0', hasData: false }
376 silly mapToRegistry name utile
377 silly mapToRegistry using default registry
378 silly mapToRegistry registry https://registry.npmjs.org/
379 silly mapToRegistry uri https://registry.npmjs.org/utile
380 verbose addNameRange registry:https://registry.npmjs.org/utile not in flight; fetching
381 verbose get https://registry.npmjs.org/winston not expired, no request
382 silly addNameRange number 2 { name: 'winston', range: '>=0.8.0 <0.9.0', hasData: true }
383 silly addNameRange versions [ 'winston',
383 silly addNameRange   [ '0.2.11',
383 silly addNameRange     '0.3.3',
383 silly addNameRange     '0.3.4',
383 silly addNameRange     '0.3.5',
383 silly addNameRange     '0.4.0',
383 silly addNameRange     '0.4.1',
383 silly addNameRange     '0.5.0',
383 silly addNameRange     '0.5.1',
383 silly addNameRange     '0.5.2',
383 silly addNameRange     '0.5.3',
383 silly addNameRange     '0.5.4',
383 silly addNameRange     '0.5.5',
383 silly addNameRange     '0.5.6',
383 silly addNameRange     '0.5.7',
383 silly addNameRange     '0.5.8',
383 silly addNameRange     '0.5.9',
383 silly addNameRange     '0.5.10',
383 silly addNameRange     '0.5.11',
383 silly addNameRange     '0.6.1',
383 silly addNameRange     '0.6.2',
383 silly addNameRange     '0.7.0',
383 silly addNameRange     '0.7.1',
383 silly addNameRange     '0.7.2',
383 silly addNameRange     '0.7.3',
383 silly addNameRange     '0.8.0',
383 silly addNameRange     '0.8.1',
383 silly addNameRange     '0.8.2',
383 silly addNameRange     '0.8.3',
383 silly addNameRange     '0.9.0',
383 silly addNameRange     '1.0.0',
383 silly addNameRange     '1.0.1',
383 silly addNameRange     '1.0.2',
383 silly addNameRange     '1.1.0',
383 silly addNameRange     '1.1.1',
383 silly addNameRange     '1.1.2',
383 silly addNameRange     '2.0.0',
383 silly addNameRange     '2.0.1',
383 silly addNameRange     '2.1.0',
383 silly addNameRange     '2.1.1',
383 silly addNameRange     '2.2.0',
383 silly addNameRange     '2.3.0',
383 silly addNameRange     '2.3.1',
383 silly addNameRange     '2.4.0',
383 silly addNameRange     '3.0.0-rc0',
383 silly addNameRange     '3.0.0-rc1',
383 silly addNameRange     '2.4.1',
383 silly addNameRange     '3.0.0-rc2',
383 silly addNameRange     '3.0.0-rc3',
383 silly addNameRange     '3.0.0-rc4',
383 silly addNameRange     '2.4.2',
383 silly addNameRange     '3.0.0-rc5',
383 silly addNameRange     '3.0.0-rc6',
383 silly addNameRange     '2.4.3',
383 silly addNameRange     '3.0.0',
383 silly addNameRange     '2.4.4',
383 silly addNameRange     '3.0.1',
383 silly addNameRange     '3.1.0',
383 silly addNameRange     '3.2.0',
383 silly addNameRange     '3.2.1',
383 silly addNameRange     '3.3.0',
383 silly addNameRange     '2.4.5',
383 silly addNameRange     '3.3.1',
383 silly addNameRange     '3.3.2',
383 silly addNameRange     '3.3.3' ] ]
384 silly addNamed winston@0.8.3
385 verbose addNamed "0.8.3" is a plain semver version for winston
386 verbose afterAdd /home/wilfauzy/.npm/pkginfo/0.4.1/package/package.json written
387 silly cache afterAdd revalidator@0.1.8
388 verbose afterAdd /home/wilfauzy/.npm/revalidator/0.1.8/package/package.json not in flight; writing
389 verbose get https://registry.npmjs.org/utile not expired, no request
390 silly addNameRange number 2 { name: 'utile', range: '>=0.2.0 <0.3.0', hasData: true }
391 silly addNameRange versions [ 'utile',
391 silly addNameRange   [ '0.0.1',
391 silly addNameRange     '0.0.2',
391 silly addNameRange     '0.0.3',
391 silly addNameRange     '0.0.4',
391 silly addNameRange     '0.0.5',
391 silly addNameRange     '0.0.6',
391 silly addNameRange     '0.0.8',
391 silly addNameRange     '0.0.9',
391 silly addNameRange     '0.0.10',
391 silly addNameRange     '0.1.0',
391 silly addNameRange     '0.1.1',
391 silly addNameRange     '0.1.2',
391 silly addNameRange     '0.1.3',
391 silly addNameRange     '0.1.5',
391 silly addNameRange     '0.1.6',
391 silly addNameRange     '0.1.7',
391 silly addNameRange     '0.2.0',
391 silly addNameRange     '0.2.1',
391 silly addNameRange     '0.3.0' ] ]
392 silly addNamed utile@0.2.1
393 verbose addNamed "0.2.1" is a plain semver version for utile
394 silly cache afterAdd winston@0.8.3
395 verbose afterAdd /home/wilfauzy/.npm/winston/0.8.3/package/package.json not in flight; writing
396 verbose afterAdd /home/wilfauzy/.npm/revalidator/0.1.8/package/package.json written
397 silly cache afterAdd utile@0.2.1
398 verbose afterAdd /home/wilfauzy/.npm/utile/0.2.1/package/package.json not in flight; writing
399 verbose afterAdd /home/wilfauzy/.npm/winston/0.8.3/package/package.json written
400 verbose afterAdd /home/wilfauzy/.npm/utile/0.2.1/package/package.json written
401 silly fetchNamedPackageData async
402 silly mapToRegistry name async
403 silly mapToRegistry using default registry
404 silly mapToRegistry registry https://registry.npmjs.org/
405 silly mapToRegistry uri https://registry.npmjs.org/async
406 silly fetchNamedPackageData deep-equal
407 silly mapToRegistry name deep-equal
408 silly mapToRegistry using default registry
409 silly mapToRegistry registry https://registry.npmjs.org/
410 silly mapToRegistry uri https://registry.npmjs.org/deep-equal
411 silly fetchNamedPackageData i
412 silly mapToRegistry name i
413 silly mapToRegistry using default registry
414 silly mapToRegistry registry https://registry.npmjs.org/
415 silly mapToRegistry uri https://registry.npmjs.org/i
416 silly fetchNamedPackageData ncp
417 silly mapToRegistry name ncp
418 silly mapToRegistry using default registry
419 silly mapToRegistry registry https://registry.npmjs.org/
420 silly mapToRegistry uri https://registry.npmjs.org/ncp
421 silly fetchNamedPackageData rimraf
422 silly mapToRegistry name rimraf
423 silly mapToRegistry using default registry
424 silly mapToRegistry registry https://registry.npmjs.org/
425 silly mapToRegistry uri https://registry.npmjs.org/rimraf
426 verbose request uri https://registry.npmjs.org/async
427 verbose request no auth needed
428 info attempt registry request try #1 at 21.01.07
429 verbose etag W/"45273a19c69a9273302711f585b54bb6"
430 verbose lastModified Thu, 05 Mar 2020 17:23:39 GMT
431 http request GET https://registry.npmjs.org/async
432 verbose request uri https://registry.npmjs.org/deep-equal
433 verbose request no auth needed
434 info attempt registry request try #1 at 21.01.07
435 verbose etag W/"aa0f149461904a29ab5d24130d59e796"
436 verbose lastModified Fri, 02 Oct 2020 04:22:41 GMT
437 http request GET https://registry.npmjs.org/deep-equal
438 verbose request uri https://registry.npmjs.org/i
439 verbose request no auth needed
440 info attempt registry request try #1 at 21.01.07
441 verbose etag W/"074996232f6f4b82b6f3dd7aeaf0fd4d"
442 verbose lastModified Sun, 27 May 2018 04:18:32 GMT
443 http request GET https://registry.npmjs.org/i
444 verbose request uri https://registry.npmjs.org/ncp
445 verbose request no auth needed
446 info attempt registry request try #1 at 21.01.07
447 verbose etag W/"838882993198897853e1e583509fffe3"
448 verbose lastModified Fri, 04 Jan 2019 21:30:27 GMT
449 http request GET https://registry.npmjs.org/ncp
450 verbose request uri https://registry.npmjs.org/rimraf
451 verbose request no auth needed
452 info attempt registry request try #1 at 21.01.07
453 verbose etag W/"1d5b09624131f5d228cee615bcf66fb7"
454 verbose lastModified Wed, 12 Aug 2020 23:39:59 GMT
455 http request GET https://registry.npmjs.org/rimraf
456 http 304 https://registry.npmjs.org/i
457 verbose headers { date: 'Sun, 29 Nov 2020 14:01:07 GMT',
457 verbose headers   connection: 'keep-alive',
457 verbose headers   'set-cookie':
457 verbose headers    [ '__cfduid=dfe93c720159157695ecb4ac82f4f4de01606658467; expires=Tue, 29-Dec-20 14:01:07 GMT; path=/; domain=.npmjs.org; HttpOnly; SameSite=Lax' ],
457 verbose headers   'cf-ray': '5f9cdbddab81d9bc-SIN',
457 verbose headers   age: '2837',
457 verbose headers   'cache-control': 'public, max-age=300',
457 verbose headers   etag: '"074996232f6f4b82b6f3dd7aeaf0fd4d"',
457 verbose headers   'last-modified': 'Sun, 27 May 2018 04:18:32 GMT',
457 verbose headers   vary: 'Accept-Encoding',
457 verbose headers   'cf-cache-status': 'HIT',
457 verbose headers   'cf-request-id': '06b5e7be8d0000d9bc3c2e1000000001',
457 verbose headers   'expect-ct': 'max-age=604800, report-uri="https://report-uri.cloudflare.com/cdn-cgi/beacon/expect-ct"',
457 verbose headers   server: 'cloudflare' }
458 silly get cb [ 304,
458 silly get   { date: 'Sun, 29 Nov 2020 14:01:07 GMT',
458 silly get     connection: 'keep-alive',
458 silly get     'set-cookie':
458 silly get      [ '__cfduid=dfe93c720159157695ecb4ac82f4f4de01606658467; expires=Tue, 29-Dec-20 14:01:07 GMT; path=/; domain=.npmjs.org; HttpOnly; SameSite=Lax' ],
458 silly get     'cf-ray': '5f9cdbddab81d9bc-SIN',
458 silly get     age: '2837',
458 silly get     'cache-control': 'public, max-age=300',
458 silly get     etag: '"074996232f6f4b82b6f3dd7aeaf0fd4d"',
458 silly get     'last-modified': 'Sun, 27 May 2018 04:18:32 GMT',
458 silly get     vary: 'Accept-Encoding',
458 silly get     'cf-cache-status': 'HIT',
458 silly get     'cf-request-id': '06b5e7be8d0000d9bc3c2e1000000001',
458 silly get     'expect-ct': 'max-age=604800, report-uri="https://report-uri.cloudflare.com/cdn-cgi/beacon/expect-ct"',
458 silly get     server: 'cloudflare' } ]
459 verbose etag https://registry.npmjs.org/i from cache
460 verbose get saving i to /home/wilfauzy/.npm/registry.npmjs.org/i/.cache.json
461 http 304 https://registry.npmjs.org/rimraf
462 verbose headers { date: 'Sun, 29 Nov 2020 14:01:07 GMT',
462 verbose headers   connection: 'keep-alive',
462 verbose headers   'set-cookie':
462 verbose headers    [ '__cfduid=da9f248c5aa65abee6d27517ad27d12ad1606658467; expires=Tue, 29-Dec-20 14:01:07 GMT; path=/; domain=.npmjs.org; HttpOnly; SameSite=Lax' ],
462 verbose headers   'cf-ray': '5f9cdbddaa231ac0-SIN',
462 verbose headers   age: '1110',
462 verbose headers   'cache-control': 'public, max-age=300',
462 verbose headers   etag: '"1d5b09624131f5d228cee615bcf66fb7"',
462 verbose headers   'last-modified': 'Wed, 12 Aug 2020 23:39:59 GMT',
462 verbose headers   vary: 'Accept-Encoding',
462 verbose headers   'cf-cache-status': 'HIT',
462 verbose headers   'cf-request-id': '06b5e7be8d00001ac037ab2000000001',
462 verbose headers   'expect-ct': 'max-age=604800, report-uri="https://report-uri.cloudflare.com/cdn-cgi/beacon/expect-ct"',
462 verbose headers   server: 'cloudflare' }
463 silly get cb [ 304,
463 silly get   { date: 'Sun, 29 Nov 2020 14:01:07 GMT',
463 silly get     connection: 'keep-alive',
463 silly get     'set-cookie':
463 silly get      [ '__cfduid=da9f248c5aa65abee6d27517ad27d12ad1606658467; expires=Tue, 29-Dec-20 14:01:07 GMT; path=/; domain=.npmjs.org; HttpOnly; SameSite=Lax' ],
463 silly get     'cf-ray': '5f9cdbddaa231ac0-SIN',
463 silly get     age: '1110',
463 silly get     'cache-control': 'public, max-age=300',
463 silly get     etag: '"1d5b09624131f5d228cee615bcf66fb7"',
463 silly get     'last-modified': 'Wed, 12 Aug 2020 23:39:59 GMT',
463 silly get     vary: 'Accept-Encoding',
463 silly get     'cf-cache-status': 'HIT',
463 silly get     'cf-request-id': '06b5e7be8d00001ac037ab2000000001',
463 silly get     'expect-ct': 'max-age=604800, report-uri="https://report-uri.cloudflare.com/cdn-cgi/beacon/expect-ct"',
463 silly get     server: 'cloudflare' } ]
464 verbose etag https://registry.npmjs.org/rimraf from cache
465 verbose get saving rimraf to /home/wilfauzy/.npm/registry.npmjs.org/rimraf/.cache.json
466 http 304 https://registry.npmjs.org/ncp
467 verbose headers { date: 'Sun, 29 Nov 2020 14:01:07 GMT',
467 verbose headers   connection: 'keep-alive',
467 verbose headers   'set-cookie':
467 verbose headers    [ '__cfduid=d236be2e296fee18eff86eea5f3debb461606658467; expires=Tue, 29-Dec-20 14:01:07 GMT; path=/; domain=.npmjs.org; HttpOnly; SameSite=Lax' ],
467 verbose headers   'cf-ray': '5f9cdbddaf31dd3e-SIN',
467 verbose headers   age: '6779',
467 verbose headers   'cache-control': 'public, max-age=300',
467 verbose headers   etag: '"838882993198897853e1e583509fffe3"',
467 verbose headers   'last-modified': 'Fri, 04 Jan 2019 21:30:27 GMT',
467 verbose headers   vary: 'Accept-Encoding',
467 verbose headers   'cf-cache-status': 'HIT',
467 verbose headers   'cf-request-id': '06b5e7be8d0000dd3e270e2000000001',
467 verbose headers   'expect-ct': 'max-age=604800, report-uri="https://report-uri.cloudflare.com/cdn-cgi/beacon/expect-ct"',
467 verbose headers   server: 'cloudflare' }
468 silly get cb [ 304,
468 silly get   { date: 'Sun, 29 Nov 2020 14:01:07 GMT',
468 silly get     connection: 'keep-alive',
468 silly get     'set-cookie':
468 silly get      [ '__cfduid=d236be2e296fee18eff86eea5f3debb461606658467; expires=Tue, 29-Dec-20 14:01:07 GMT; path=/; domain=.npmjs.org; HttpOnly; SameSite=Lax' ],
468 silly get     'cf-ray': '5f9cdbddaf31dd3e-SIN',
468 silly get     age: '6779',
468 silly get     'cache-control': 'public, max-age=300',
468 silly get     etag: '"838882993198897853e1e583509fffe3"',
468 silly get     'last-modified': 'Fri, 04 Jan 2019 21:30:27 GMT',
468 silly get     vary: 'Accept-Encoding',
468 silly get     'cf-cache-status': 'HIT',
468 silly get     'cf-request-id': '06b5e7be8d0000dd3e270e2000000001',
468 silly get     'expect-ct': 'max-age=604800, report-uri="https://report-uri.cloudflare.com/cdn-cgi/beacon/expect-ct"',
468 silly get     server: 'cloudflare' } ]
469 verbose etag https://registry.npmjs.org/ncp from cache
470 verbose get saving ncp to /home/wilfauzy/.npm/registry.npmjs.org/ncp/.cache.json
471 http 304 https://registry.npmjs.org/deep-equal
472 verbose headers { date: 'Sun, 29 Nov 2020 14:01:07 GMT',
472 verbose headers   connection: 'keep-alive',
472 verbose headers   'set-cookie':
472 verbose headers    [ '__cfduid=d1f810aeea4dca52f3a373ecb40f02b741606658467; expires=Tue, 29-Dec-20 14:01:07 GMT; path=/; domain=.npmjs.org; HttpOnly; SameSite=Lax' ],
472 verbose headers   'cf-ray': '5f9cdbddacec1a46-SIN',
472 verbose headers   age: '1999',
472 verbose headers   'cache-control': 'public, max-age=300',
472 verbose headers   etag: '"aa0f149461904a29ab5d24130d59e796"',
472 verbose headers   'last-modified': 'Fri, 02 Oct 2020 04:22:41 GMT',
472 verbose headers   vary: 'Accept-Encoding',
472 verbose headers   'cf-cache-status': 'HIT',
472 verbose headers   'cf-request-id': '06b5e7be8d00001a46df2e7000000001',
472 verbose headers   'expect-ct': 'max-age=604800, report-uri="https://report-uri.cloudflare.com/cdn-cgi/beacon/expect-ct"',
472 verbose headers   server: 'cloudflare' }
473 silly get cb [ 304,
473 silly get   { date: 'Sun, 29 Nov 2020 14:01:07 GMT',
473 silly get     connection: 'keep-alive',
473 silly get     'set-cookie':
473 silly get      [ '__cfduid=d1f810aeea4dca52f3a373ecb40f02b741606658467; expires=Tue, 29-Dec-20 14:01:07 GMT; path=/; domain=.npmjs.org; HttpOnly; SameSite=Lax' ],
473 silly get     'cf-ray': '5f9cdbddacec1a46-SIN',
473 silly get     age: '1999',
473 silly get     'cache-control': 'public, max-age=300',
473 silly get     etag: '"aa0f149461904a29ab5d24130d59e796"',
473 silly get     'last-modified': 'Fri, 02 Oct 2020 04:22:41 GMT',
473 silly get     vary: 'Accept-Encoding',
473 silly get     'cf-cache-status': 'HIT',
473 silly get     'cf-request-id': '06b5e7be8d00001a46df2e7000000001',
473 silly get     'expect-ct': 'max-age=604800, report-uri="https://report-uri.cloudflare.com/cdn-cgi/beacon/expect-ct"',
473 silly get     server: 'cloudflare' } ]
474 verbose etag https://registry.npmjs.org/deep-equal from cache
475 verbose get saving deep-equal to /home/wilfauzy/.npm/registry.npmjs.org/deep-equal/.cache.json
476 http 304 https://registry.npmjs.org/async
477 verbose headers { date: 'Sun, 29 Nov 2020 14:01:07 GMT',
477 verbose headers   connection: 'keep-alive',
477 verbose headers   'set-cookie':
477 verbose headers    [ '__cfduid=d39577ccb6fec92deb6f9d74bc94e1ae81606658467; expires=Tue, 29-Dec-20 14:01:07 GMT; path=/; domain=.npmjs.org; HttpOnly; SameSite=Lax' ],
477 verbose headers   'cf-ray': '5f9cdbddbbcfdcea-SIN',
477 verbose headers   age: '1958',
477 verbose headers   'cache-control': 'public, max-age=300',
477 verbose headers   etag: '"45273a19c69a9273302711f585b54bb6"',
477 verbose headers   'last-modified': 'Thu, 05 Mar 2020 17:23:39 GMT',
477 verbose headers   vary: 'Accept-Encoding',
477 verbose headers   'cf-cache-status': 'HIT',
477 verbose headers   'cf-request-id': '06b5e7be910000dcea81135000000001',
477 verbose headers   'expect-ct': 'max-age=604800, report-uri="https://report-uri.cloudflare.com/cdn-cgi/beacon/expect-ct"',
477 verbose headers   server: 'cloudflare' }
478 silly get cb [ 304,
478 silly get   { date: 'Sun, 29 Nov 2020 14:01:07 GMT',
478 silly get     connection: 'keep-alive',
478 silly get     'set-cookie':
478 silly get      [ '__cfduid=d39577ccb6fec92deb6f9d74bc94e1ae81606658467; expires=Tue, 29-Dec-20 14:01:07 GMT; path=/; domain=.npmjs.org; HttpOnly; SameSite=Lax' ],
478 silly get     'cf-ray': '5f9cdbddbbcfdcea-SIN',
478 silly get     age: '1958',
478 silly get     'cache-control': 'public, max-age=300',
478 silly get     etag: '"45273a19c69a9273302711f585b54bb6"',
478 silly get     'last-modified': 'Thu, 05 Mar 2020 17:23:39 GMT',
478 silly get     vary: 'Accept-Encoding',
478 silly get     'cf-cache-status': 'HIT',
478 silly get     'cf-request-id': '06b5e7be910000dcea81135000000001',
478 silly get     'expect-ct': 'max-age=604800, report-uri="https://report-uri.cloudflare.com/cdn-cgi/beacon/expect-ct"',
478 silly get     server: 'cloudflare' } ]
479 verbose etag https://registry.npmjs.org/async from cache
480 verbose get saving async to /home/wilfauzy/.npm/registry.npmjs.org/async/.cache.json
481 silly resolveWithNewModule i@0.3.6 checking installable status
482 silly cache add args [ 'i@0.3.x', null ]
483 verbose cache add spec i@0.3.x
484 silly cache add parsed spec Result {
484 silly cache add   raw: 'i@0.3.x',
484 silly cache add   scope: null,
484 silly cache add   name: 'i',
484 silly cache add   rawSpec: '0.3.x',
484 silly cache add   spec: '>=0.3.0 <0.4.0',
484 silly cache add   type: 'range' }
485 silly addNamed i@>=0.3.0 <0.4.0
486 verbose addNamed ">=0.3.0 <0.4.0" is a valid semver range for i
487 silly addNameRange { name: 'i', range: '>=0.3.0 <0.4.0', hasData: false }
488 silly mapToRegistry name i
489 silly mapToRegistry using default registry
490 silly mapToRegistry registry https://registry.npmjs.org/
491 silly mapToRegistry uri https://registry.npmjs.org/i
492 verbose addNameRange registry:https://registry.npmjs.org/i not in flight; fetching
493 silly resolveWithNewModule ncp@0.4.2 checking installable status
494 silly cache add args [ 'ncp@0.4.x', null ]
495 verbose cache add spec ncp@0.4.x
496 silly cache add parsed spec Result {
496 silly cache add   raw: 'ncp@0.4.x',
496 silly cache add   scope: null,
496 silly cache add   name: 'ncp',
496 silly cache add   rawSpec: '0.4.x',
496 silly cache add   spec: '>=0.4.0 <0.5.0',
496 silly cache add   type: 'range' }
497 silly addNamed ncp@>=0.4.0 <0.5.0
498 verbose addNamed ">=0.4.0 <0.5.0" is a valid semver range for ncp
499 silly addNameRange { name: 'ncp', range: '>=0.4.0 <0.5.0', hasData: false }
500 silly mapToRegistry name ncp
501 silly mapToRegistry using default registry
502 silly mapToRegistry registry https://registry.npmjs.org/
503 silly mapToRegistry uri https://registry.npmjs.org/ncp
504 verbose addNameRange registry:https://registry.npmjs.org/ncp not in flight; fetching
505 silly resolveWithNewModule rimraf@2.7.1 checking installable status
506 silly cache add args [ 'rimraf@2.x.x', null ]
507 verbose cache add spec rimraf@2.x.x
508 silly cache add parsed spec Result {
508 silly cache add   raw: 'rimraf@2.x.x',
508 silly cache add   scope: null,
508 silly cache add   name: 'rimraf',
508 silly cache add   rawSpec: '2.x.x',
508 silly cache add   spec: '>=2.0.0 <3.0.0',
508 silly cache add   type: 'range' }
509 silly addNamed rimraf@>=2.0.0 <3.0.0
510 verbose addNamed ">=2.0.0 <3.0.0" is a valid semver range for rimraf
511 silly addNameRange { name: 'rimraf', range: '>=2.0.0 <3.0.0', hasData: false }
512 silly mapToRegistry name rimraf
513 silly mapToRegistry using default registry
514 silly mapToRegistry registry https://registry.npmjs.org/
515 silly mapToRegistry uri https://registry.npmjs.org/rimraf
516 verbose addNameRange registry:https://registry.npmjs.org/rimraf not in flight; fetching
517 silly resolveWithNewModule deep-equal@2.0.4 checking installable status
518 silly cache add args [ 'deep-equal@*', null ]
519 verbose cache add spec deep-equal@*
520 silly cache add parsed spec Result {
520 silly cache add   raw: 'deep-equal@*',
520 silly cache add   scope: null,
520 silly cache add   name: 'deep-equal',
520 silly cache add   rawSpec: '*',
520 silly cache add   spec: '*',
520 silly cache add   type: 'range' }
521 silly addNamed deep-equal@*
522 verbose addNamed "*" is a valid semver range for deep-equal
523 silly addNameRange { name: 'deep-equal', range: '*', hasData: false }
524 silly mapToRegistry name deep-equal
525 silly mapToRegistry using default registry
526 silly mapToRegistry registry https://registry.npmjs.org/
527 silly mapToRegistry uri https://registry.npmjs.org/deep-equal
528 verbose addNameRange registry:https://registry.npmjs.org/deep-equal not in flight; fetching
529 silly resolveWithNewModule async@0.2.10 checking installable status
530 silly cache add args [ 'async@~0.2.9', null ]
531 verbose cache add spec async@~0.2.9
532 silly cache add parsed spec Result {
532 silly cache add   raw: 'async@~0.2.9',
532 silly cache add   scope: null,
532 silly cache add   name: 'async',
532 silly cache add   rawSpec: '~0.2.9',
532 silly cache add   spec: '>=0.2.9 <0.3.0',
532 silly cache add   type: 'range' }
533 silly addNamed async@>=0.2.9 <0.3.0
534 verbose addNamed ">=0.2.9 <0.3.0" is a valid semver range for async
535 silly addNameRange { name: 'async', range: '>=0.2.9 <0.3.0', hasData: false }
536 silly mapToRegistry name async
537 silly mapToRegistry using default registry
538 silly mapToRegistry registry https://registry.npmjs.org/
539 silly mapToRegistry uri https://registry.npmjs.org/async
540 verbose addNameRange registry:https://registry.npmjs.org/async not in flight; fetching
541 verbose get https://registry.npmjs.org/i not expired, no request
542 silly addNameRange number 2 { name: 'i', range: '>=0.3.0 <0.4.0', hasData: true }
543 silly addNameRange versions [ 'i',
543 silly addNameRange   [ '0.2.0', '0.3.0', '0.3.1', '0.3.3', '0.3.4', '0.3.5', '0.3.6' ] ]
544 silly addNamed i@0.3.6
545 verbose addNamed "0.3.6" is a plain semver version for i
546 verbose get https://registry.npmjs.org/ncp not expired, no request
547 silly addNameRange number 2 { name: 'ncp', range: '>=0.4.0 <0.5.0', hasData: true }
548 silly addNameRange versions [ 'ncp',
548 silly addNameRange   [ '0.0.0',
548 silly addNameRange     '0.0.1',
548 silly addNameRange     '0.0.2',
548 silly addNameRange     '0.1.0',
548 silly addNameRange     '0.1.1',
548 silly addNameRange     '0.1.2',
548 silly addNameRange     '0.2.0',
548 silly addNameRange     '0.2.1',
548 silly addNameRange     '0.2.2',
548 silly addNameRange     '0.2.3',
548 silly addNameRange     '0.2.4',
548 silly addNameRange     '0.2.5',
548 silly addNameRange     '0.2.6',
548 silly addNameRange     '0.3.0',
548 silly addNameRange     '0.4.0',
548 silly addNameRange     '0.2.7',
548 silly addNameRange     '0.4.1',
548 silly addNameRange     '0.4.2',
548 silly addNameRange     '0.5.0',
548 silly addNameRange     '0.5.1',
548 silly addNameRange     '0.6.0',
548 silly addNameRange     '1.0.0',
548 silly addNameRange     '1.0.1',
548 silly addNameRange     '2.0.0' ] ]
549 silly addNamed ncp@0.4.2
550 verbose addNamed "0.4.2" is a plain semver version for ncp
551 verbose get https://registry.npmjs.org/rimraf not expired, no request
552 silly addNameRange number 2 { name: 'rimraf', range: '>=2.0.0 <3.0.0', hasData: true }
553 silly addNameRange versions [ 'rimraf',
553 silly addNameRange   [ '1.0.0',
553 silly addNameRange     '1.0.1',
553 silly addNameRange     '1.0.2',
553 silly addNameRange     '1.0.4',
553 silly addNameRange     '1.0.5',
553 silly addNameRange     '1.0.6',
553 silly addNameRange     '1.0.7',
553 silly addNameRange     '1.0.8',
553 silly addNameRange     '1.0.9',
553 silly addNameRange     '2.0.0',
553 silly addNameRange     '2.0.1',
553 silly addNameRange     '2.0.2',
553 silly addNameRange     '2.0.3',
553 silly addNameRange     '2.1.0',
553 silly addNameRange     '2.1.1',
553 silly addNameRange     '2.1.2',
553 silly addNameRange     '2.1.3',
553 silly addNameRange     '2.1.4',
553 silly addNameRange     '2.2.0',
553 silly addNameRange     '2.2.1',
553 silly addNameRange     '2.2.2',
553 silly addNameRange     '2.2.3',
553 silly addNameRange     '2.2.4',
553 silly addNameRange     '2.2.5',
553 silly addNameRange     '2.2.6',
553 silly addNameRange     '2.2.8',
553 silly addNameRange     '2.3.0',
553 silly addNameRange     '2.3.1',
553 silly addNameRange     '2.3.2',
553 silly addNameRange     '2.3.3',
553 silly addNameRange     '2.3.4',
553 silly addNameRange     '2.4.0',
553 silly addNameRange     '2.4.1',
553 silly addNameRange     '2.4.2',
553 silly addNameRange     '2.4.3',
553 silly addNameRange     '2.4.4',
553 silly addNameRange     '2.4.5',
553 silly addNameRange     '2.5.0',
553 silly addNameRange     '2.5.1',
553 silly addNameRange     '2.5.2',
553 silly addNameRange     '2.5.3',
553 silly addNameRange     '2.5.4',
553 silly addNameRange     '2.6.0',
553 silly addNameRange     '2.6.1',
553 silly addNameRange     '2.6.2',
553 silly addNameRange     '2.6.3',
553 silly addNameRange     '2.7.0',
553 silly addNameRange     '2.7.1',
553 silly addNameRange     '3.0.0',
553 silly addNameRange     '3.0.1',
553 silly addNameRange     '3.0.2' ] ]
554 silly addNamed rimraf@2.7.1
555 verbose addNamed "2.7.1" is a plain semver version for rimraf
556 verbose get https://registry.npmjs.org/deep-equal not expired, no request
557 silly addNameRange number 2 { name: 'deep-equal', range: '*', hasData: true }
558 silly addNameRange versions [ 'deep-equal',
558 silly addNameRange   [ '0.0.0',
558 silly addNameRange     '0.1.0',
558 silly addNameRange     '0.1.1',
558 silly addNameRange     '0.1.2',
558 silly addNameRange     '0.2.0',
558 silly addNameRange     '0.2.1',
558 silly addNameRange     '0.2.2',
558 silly addNameRange     '1.0.0',
558 silly addNameRange     '1.0.1',
558 silly addNameRange     '1.1.0',
558 silly addNameRange     '1.1.1',
558 silly addNameRange     '2.0.1',
558 silly addNameRange     '2.0.2',
558 silly addNameRange     '2.0.3',
558 silly addNameRange     '2.0.4' ] ]
559 silly addNamed deep-equal@2.0.4
560 verbose addNamed "2.0.4" is a plain semver version for deep-equal
561 verbose get https://registry.npmjs.org/async not expired, no request
562 silly addNameRange number 2 { name: 'async', range: '>=0.2.9 <0.3.0', hasData: true }
563 silly addNameRange versions [ 'async',
563 silly addNameRange   [ '0.1.0',
563 silly addNameRange     '0.1.1',
563 silly addNameRange     '0.1.2',
563 silly addNameRange     '0.1.3',
563 silly addNameRange     '0.1.4',
563 silly addNameRange     '0.1.5',
563 silly addNameRange     '0.1.6',
563 silly addNameRange     '0.1.7',
563 silly addNameRange     '0.1.8',
563 silly addNameRange     '0.1.9',
563 silly addNameRange     '0.1.10',
563 silly addNameRange     '0.1.11',
563 silly addNameRange     '0.1.12',
563 silly addNameRange     '0.1.13',
563 silly addNameRange     '0.1.14',
563 silly addNameRange     '0.1.15',
563 silly addNameRange     '0.1.16',
563 silly addNameRange     '0.1.17',
563 silly addNameRange     '0.1.18',
563 silly addNameRange     '0.1.19',
563 silly addNameRange     '0.1.20',
563 silly addNameRange     '0.1.21',
563 silly addNameRange     '0.1.22',
563 silly addNameRange     '0.2.0',
563 silly addNameRange     '0.2.1',
563 silly addNameRange     '0.2.2',
563 silly addNameRange     '0.2.3',
563 silly addNameRange     '0.2.4',
563 silly addNameRange     '0.2.5',
563 silly addNameRange     '0.2.6',
563 silly addNameRange     '0.2.7',
563 silly addNameRange     '0.2.8',
563 silly addNameRange     '0.2.9',
563 silly addNameRange     '0.2.10',
563 silly addNameRange     '0.3.0',
563 silly addNameRange     '0.4.0',
563 silly addNameRange     '0.4.1',
563 silly addNameRange     '0.5.0',
563 silly addNameRange     '0.6.0',
563 silly addNameRange     '0.6.1',
563 silly addNameRange     '0.6.2',
563 silly addNameRange     '0.7.0',
563 silly addNameRange     '0.8.0',
563 silly addNameRange     '0.9.0',
563 silly addNameRange     '0.9.2',
563 silly addNameRange     '1.0.0',
563 silly addNameRange     '1.1.0',
563 silly addNameRange     '1.2.0',
563 silly addNameRange     '1.1.1',
563 silly addNameRange     '1.2.1',
563 silly addNameRange     '1.3.0',
563 silly addNameRange     '1.4.0',
563 silly addNameRange     '1.4.1',
563 silly addNameRange     '1.4.2',
563 silly addNameRange     '1.5.0',
563 silly addNameRange     '1.5.1',
563 silly addNameRange     '1.5.2',
563 silly addNameRange     '2.0.0-alpha.0',
563 silly addNameRange     '2.0.0-rc.1',
563 silly addNameRange     '2.0.0-rc.2',
563 silly addNameRange     '2.0.0-rc.3',
563 silly addNameRange     '2.0.0-rc.4',
563 silly addNameRange     '2.0.0-rc.5',
563 silly addNameRange     '2.0.0-rc.6',
563 silly addNameRange     '2.0.0',
563 silly addNameRange     '2.0.1',
563 silly addNameRange     '2.1.0',
563 silly addNameRange     '2.1.1',
563 silly addNameRange     '2.1.2',
563 silly addNameRange     '2.1.4',
563 silly addNameRange     '2.1.5',
563 silly addNameRange     '2.2.0',
563 silly addNameRange     '2.3.0',
563 silly addNameRange     '2.4.0',
563 silly addNameRange     '2.4.1',
563 silly addNameRange     '2.5.0',
563 silly addNameRange     '2.6.0',
563 silly addNameRange     '2.6.1',
563 silly addNameRange     '3.0.1-0',
563 silly addNameRange     '2.6.2',
563 silly addNameRange     '3.0.0',
563 silly addNameRange     '3.0.1',
563 silly addNameRange     '3.1.0',
563 silly addNameRange     '2.6.3',
563 silly addNameRange     '3.1.1',
563 silly addNameRange     '3.2.0' ] ]
564 silly addNamed async@0.2.10
565 verbose addNamed "0.2.10" is a plain semver version for async
566 silly cache afterAdd i@0.3.6
567 verbose afterAdd /home/wilfauzy/.npm/i/0.3.6/package/package.json not in flight; writing
568 silly cache afterAdd ncp@0.4.2
569 verbose afterAdd /home/wilfauzy/.npm/ncp/0.4.2/package/package.json not in flight; writing
570 silly cache afterAdd rimraf@2.7.1
571 verbose afterAdd /home/wilfauzy/.npm/rimraf/2.7.1/package/package.json not in flight; writing
572 silly cache afterAdd deep-equal@2.0.4
573 verbose afterAdd /home/wilfauzy/.npm/deep-equal/2.0.4/package/package.json not in flight; writing
574 silly cache afterAdd async@0.2.10
575 verbose afterAdd /home/wilfauzy/.npm/async/0.2.10/package/package.json not in flight; writing
576 verbose afterAdd /home/wilfauzy/.npm/i/0.3.6/package/package.json written
577 verbose afterAdd /home/wilfauzy/.npm/rimraf/2.7.1/package/package.json written
578 verbose afterAdd /home/wilfauzy/.npm/deep-equal/2.0.4/package/package.json written
579 verbose afterAdd /home/wilfauzy/.npm/ncp/0.4.2/package/package.json written
580 verbose afterAdd /home/wilfauzy/.npm/async/0.2.10/package/package.json written
581 silly fetchNamedPackageData es-get-iterator
582 silly mapToRegistry name es-get-iterator
583 silly mapToRegistry using default registry
584 silly mapToRegistry registry https://registry.npmjs.org/
585 silly mapToRegistry uri https://registry.npmjs.org/es-get-iterator
586 silly fetchNamedPackageData is-arguments
587 silly mapToRegistry name is-arguments
588 silly mapToRegistry using default registry
589 silly mapToRegistry registry https://registry.npmjs.org/
590 silly mapToRegistry uri https://registry.npmjs.org/is-arguments
591 silly fetchNamedPackageData isarray
592 silly mapToRegistry name isarray
593 silly mapToRegistry using default registry
594 silly mapToRegistry registry https://registry.npmjs.org/
595 silly mapToRegistry uri https://registry.npmjs.org/isarray
596 silly fetchNamedPackageData object-is
597 silly mapToRegistry name object-is
598 silly mapToRegistry using default registry
599 silly mapToRegistry registry https://registry.npmjs.org/
600 silly mapToRegistry uri https://registry.npmjs.org/object-is
601 silly fetchNamedPackageData regexp.prototype.flags
602 silly mapToRegistry name regexp.prototype.flags
603 silly mapToRegistry using default registry
604 silly mapToRegistry registry https://registry.npmjs.org/
605 silly mapToRegistry uri https://registry.npmjs.org/regexp.prototype.flags
606 silly fetchNamedPackageData side-channel
607 silly mapToRegistry name side-channel
608 silly mapToRegistry using default registry
609 silly mapToRegistry registry https://registry.npmjs.org/
610 silly mapToRegistry uri https://registry.npmjs.org/side-channel
611 silly fetchNamedPackageData which-boxed-primitive
612 silly mapToRegistry name which-boxed-primitive
613 silly mapToRegistry using default registry
614 silly mapToRegistry registry https://registry.npmjs.org/
615 silly mapToRegistry uri https://registry.npmjs.org/which-boxed-primitive
616 silly fetchNamedPackageData which-collection
617 silly mapToRegistry name which-collection
618 silly mapToRegistry using default registry
619 silly mapToRegistry registry https://registry.npmjs.org/
620 silly mapToRegistry uri https://registry.npmjs.org/which-collection
621 silly fetchNamedPackageData which-typed-array
622 silly mapToRegistry name which-typed-array
623 silly mapToRegistry using default registry
624 silly mapToRegistry registry https://registry.npmjs.org/
625 silly mapToRegistry uri https://registry.npmjs.org/which-typed-array
626 verbose request uri https://registry.npmjs.org/es-get-iterator
627 verbose request no auth needed
628 info attempt registry request try #1 at 21.01.07
629 verbose etag W/"c719f8e603045a593ab7f1b2136d95ad"
630 verbose lastModified Fri, 06 Nov 2020 17:49:29 GMT
631 http request GET https://registry.npmjs.org/es-get-iterator
632 verbose request uri https://registry.npmjs.org/is-arguments
633 verbose request no auth needed
634 info attempt registry request try #1 at 21.01.07
635 verbose etag W/"5ad1c4477edd9d858eb905974804ace2"
636 verbose lastModified Tue, 12 Nov 2019 20:31:16 GMT
637 http request GET https://registry.npmjs.org/is-arguments
638 verbose request uri https://registry.npmjs.org/isarray
639 verbose request no auth needed
640 info attempt registry request try #1 at 21.01.07
641 verbose etag W/"f8d13869b081e2301428e8269cb470a1"
642 verbose lastModified Mon, 08 Jul 2019 13:21:26 GMT
643 http request GET https://registry.npmjs.org/isarray
644 verbose request uri https://registry.npmjs.org/object-is
645 verbose request no auth needed
646 info attempt registry request try #1 at 21.01.07
647 verbose etag W/"0601effa8c2e1630378ab14060040c38"
648 verbose lastModified Fri, 27 Nov 2020 07:31:20 GMT
649 http request GET https://registry.npmjs.org/object-is
650 verbose request uri https://registry.npmjs.org/regexp.prototype.flags
651 verbose request no auth needed
652 info attempt registry request try #1 at 21.01.07
653 verbose etag W/"2a8e7c4a69e56678194822bf915682e2"
654 verbose lastModified Sat, 28 Mar 2020 22:26:52 GMT
655 http request GET https://registry.npmjs.org/regexp.prototype.flags
656 verbose request uri https://registry.npmjs.org/side-channel
657 verbose request no auth needed
658 info attempt registry request try #1 at 21.01.07
659 verbose etag W/"80efeb8476496d302e0aa49bf2e7b3ab"
660 verbose lastModified Sun, 23 Aug 2020 20:20:20 GMT
661 http request GET https://registry.npmjs.org/side-channel
662 verbose request uri https://registry.npmjs.org/which-boxed-primitive
663 verbose request no auth needed
664 info attempt registry request try #1 at 21.01.07
665 verbose etag W/"b70c0eb132b6d04a1c78521b0748a87b"
666 verbose lastModified Sun, 19 Jan 2020 08:54:44 GMT
667 http request GET https://registry.npmjs.org/which-boxed-primitive
668 verbose request uri https://registry.npmjs.org/which-collection
669 verbose request no auth needed
670 info attempt registry request try #1 at 21.01.07
671 verbose etag W/"80c5cd24aa0aa1e9d0f609e45b233533"
672 verbose lastModified Sun, 26 Jan 2020 21:12:32 GMT
673 http request GET https://registry.npmjs.org/which-collection
674 verbose request uri https://registry.npmjs.org/which-typed-array
675 verbose request no auth needed
676 info attempt registry request try #1 at 21.01.07
677 verbose etag W/"cb6cbcdf23bd3028d07017e2889a340e"
678 verbose lastModified Wed, 08 Apr 2020 05:05:06 GMT
679 http request GET https://registry.npmjs.org/which-typed-array
680 http 304 https://registry.npmjs.org/isarray
681 verbose headers { date: 'Sun, 29 Nov 2020 14:01:08 GMT',
681 verbose headers   connection: 'keep-alive',
681 verbose headers   'set-cookie':
681 verbose headers    [ '__cfduid=de414d588948949209dd4e1641efc47511606658468; expires=Tue, 29-Dec-20 14:01:08 GMT; path=/; domain=.npmjs.org; HttpOnly; SameSite=Lax' ],
681 verbose headers   'cf-ray': '5f9cdbe1dfd6dd3e-SIN',
681 verbose headers   age: '4038',
681 verbose headers   'cache-control': 'public, max-age=300',
681 verbose headers   etag: '"f8d13869b081e2301428e8269cb470a1"',
681 verbose headers   'last-modified': 'Mon, 08 Jul 2019 13:21:26 GMT',
681 verbose headers   vary: 'Accept-Encoding',
681 verbose headers   'cf-cache-status': 'HIT',
681 verbose headers   'cf-request-id': '06b5e7c1290000dd3e0a9c5000000001',
681 verbose headers   'expect-ct': 'max-age=604800, report-uri="https://report-uri.cloudflare.com/cdn-cgi/beacon/expect-ct"',
681 verbose headers   server: 'cloudflare' }
682 silly get cb [ 304,
682 silly get   { date: 'Sun, 29 Nov 2020 14:01:08 GMT',
682 silly get     connection: 'keep-alive',
682 silly get     'set-cookie':
682 silly get      [ '__cfduid=de414d588948949209dd4e1641efc47511606658468; expires=Tue, 29-Dec-20 14:01:08 GMT; path=/; domain=.npmjs.org; HttpOnly; SameSite=Lax' ],
682 silly get     'cf-ray': '5f9cdbe1dfd6dd3e-SIN',
682 silly get     age: '4038',
682 silly get     'cache-control': 'public, max-age=300',
682 silly get     etag: '"f8d13869b081e2301428e8269cb470a1"',
682 silly get     'last-modified': 'Mon, 08 Jul 2019 13:21:26 GMT',
682 silly get     vary: 'Accept-Encoding',
682 silly get     'cf-cache-status': 'HIT',
682 silly get     'cf-request-id': '06b5e7c1290000dd3e0a9c5000000001',
682 silly get     'expect-ct': 'max-age=604800, report-uri="https://report-uri.cloudflare.com/cdn-cgi/beacon/expect-ct"',
682 silly get     server: 'cloudflare' } ]
683 verbose etag https://registry.npmjs.org/isarray from cache
684 verbose get saving isarray to /home/wilfauzy/.npm/registry.npmjs.org/isarray/.cache.json
685 silly resolveWithNewModule isarray@2.0.5 checking installable status
686 silly cache add args [ 'isarray@^2.0.5', null ]
687 verbose cache add spec isarray@^2.0.5
688 silly cache add parsed spec Result {
688 silly cache add   raw: 'isarray@^2.0.5',
688 silly cache add   scope: null,
688 silly cache add   name: 'isarray',
688 silly cache add   rawSpec: '^2.0.5',
688 silly cache add   spec: '>=2.0.5 <3.0.0',
688 silly cache add   type: 'range' }
689 silly addNamed isarray@>=2.0.5 <3.0.0
690 verbose addNamed ">=2.0.5 <3.0.0" is a valid semver range for isarray
691 silly addNameRange { name: 'isarray', range: '>=2.0.5 <3.0.0', hasData: false }
692 silly mapToRegistry name isarray
693 silly mapToRegistry using default registry
694 silly mapToRegistry registry https://registry.npmjs.org/
695 silly mapToRegistry uri https://registry.npmjs.org/isarray
696 verbose addNameRange registry:https://registry.npmjs.org/isarray not in flight; fetching
697 http 304 https://registry.npmjs.org/es-get-iterator
698 verbose headers { date: 'Sun, 29 Nov 2020 14:01:08 GMT',
698 verbose headers   connection: 'keep-alive',
698 verbose headers   'set-cookie':
698 verbose headers    [ '__cfduid=dff095e511982215af8538da7082622fb1606658468; expires=Tue, 29-Dec-20 14:01:08 GMT; path=/; domain=.npmjs.org; HttpOnly; SameSite=Lax' ],
698 verbose headers   'cf-ray': '5f9cdbe1dca5d9bc-SIN',
698 verbose headers   age: '3375',
698 verbose headers   'cache-control': 'public, max-age=300',
698 verbose headers   etag: '"c719f8e603045a593ab7f1b2136d95ad"',
698 verbose headers   'last-modified': 'Fri, 06 Nov 2020 17:49:29 GMT',
698 verbose headers   vary: 'Accept-Encoding',
698 verbose headers   'cf-cache-status': 'HIT',
698 verbose headers   'cf-request-id': '06b5e7c1290000d9bc253e6000000001',
698 verbose headers   'expect-ct': 'max-age=604800, report-uri="https://report-uri.cloudflare.com/cdn-cgi/beacon/expect-ct"',
698 verbose headers   server: 'cloudflare' }
699 silly get cb [ 304,
699 silly get   { date: 'Sun, 29 Nov 2020 14:01:08 GMT',
699 silly get     connection: 'keep-alive',
699 silly get     'set-cookie':
699 silly get      [ '__cfduid=dff095e511982215af8538da7082622fb1606658468; expires=Tue, 29-Dec-20 14:01:08 GMT; path=/; domain=.npmjs.org; HttpOnly; SameSite=Lax' ],
699 silly get     'cf-ray': '5f9cdbe1dca5d9bc-SIN',
699 silly get     age: '3375',
699 silly get     'cache-control': 'public, max-age=300',
699 silly get     etag: '"c719f8e603045a593ab7f1b2136d95ad"',
699 silly get     'last-modified': 'Fri, 06 Nov 2020 17:49:29 GMT',
699 silly get     vary: 'Accept-Encoding',
699 silly get     'cf-cache-status': 'HIT',
699 silly get     'cf-request-id': '06b5e7c1290000d9bc253e6000000001',
699 silly get     'expect-ct': 'max-age=604800, report-uri="https://report-uri.cloudflare.com/cdn-cgi/beacon/expect-ct"',
699 silly get     server: 'cloudflare' } ]
700 verbose etag https://registry.npmjs.org/es-get-iterator from cache
701 verbose get saving es-get-iterator to /home/wilfauzy/.npm/registry.npmjs.org/es-get-iterator/.cache.json
702 http 304 https://registry.npmjs.org/object-is
703 verbose headers { date: 'Sun, 29 Nov 2020 14:01:08 GMT',
703 verbose headers   connection: 'keep-alive',
703 verbose headers   'set-cookie':
703 verbose headers    [ '__cfduid=d251a30e42ff20623211f6338714bdb451606658468; expires=Tue, 29-Dec-20 14:01:08 GMT; path=/; domain=.npmjs.org; HttpOnly; SameSite=Lax' ],
703 verbose headers   'cf-ray': '5f9cdbe1d98b1a46-SIN',
703 verbose headers   age: '471',
703 verbose headers   'cache-control': 'public, max-age=300',
703 verbose headers   etag: '"0601effa8c2e1630378ab14060040c38"',
703 verbose headers   'last-modified': 'Fri, 27 Nov 2020 07:31:20 GMT',
703 verbose headers   vary: 'Accept-Encoding',
703 verbose headers   'cf-cache-status': 'HIT',
703 verbose headers   'cf-request-id': '06b5e7c12b00001a468eb19000000001',
703 verbose headers   'expect-ct': 'max-age=604800, report-uri="https://report-uri.cloudflare.com/cdn-cgi/beacon/expect-ct"',
703 verbose headers   server: 'cloudflare' }
704 silly get cb [ 304,
704 silly get   { date: 'Sun, 29 Nov 2020 14:01:08 GMT',
704 silly get     connection: 'keep-alive',
704 silly get     'set-cookie':
704 silly get      [ '__cfduid=d251a30e42ff20623211f6338714bdb451606658468; expires=Tue, 29-Dec-20 14:01:08 GMT; path=/; domain=.npmjs.org; HttpOnly; SameSite=Lax' ],
704 silly get     'cf-ray': '5f9cdbe1d98b1a46-SIN',
704 silly get     age: '471',
704 silly get     'cache-control': 'public, max-age=300',
704 silly get     etag: '"0601effa8c2e1630378ab14060040c38"',
704 silly get     'last-modified': 'Fri, 27 Nov 2020 07:31:20 GMT',
704 silly get     vary: 'Accept-Encoding',
704 silly get     'cf-cache-status': 'HIT',
704 silly get     'cf-request-id': '06b5e7c12b00001a468eb19000000001',
704 silly get     'expect-ct': 'max-age=604800, report-uri="https://report-uri.cloudflare.com/cdn-cgi/beacon/expect-ct"',
704 silly get     server: 'cloudflare' } ]
705 verbose etag https://registry.npmjs.org/object-is from cache
706 verbose get saving object-is to /home/wilfauzy/.npm/registry.npmjs.org/object-is/.cache.json
707 http 304 https://registry.npmjs.org/is-arguments
708 verbose headers { date: 'Sun, 29 Nov 2020 14:01:08 GMT',
708 verbose headers   connection: 'keep-alive',
708 verbose headers   'set-cookie':
708 verbose headers    [ '__cfduid=d775e98cfe683ce4e13ff5184008f59ef1606658468; expires=Tue, 29-Dec-20 14:01:08 GMT; path=/; domain=.npmjs.org; HttpOnly; SameSite=Lax' ],
708 verbose headers   'cf-ray': '5f9cdbe1de741ac0-SIN',
708 verbose headers   age: '5192',
708 verbose headers   'cache-control': 'public, max-age=300',
708 verbose headers   etag: '"5ad1c4477edd9d858eb905974804ace2"',
708 verbose headers   'last-modified': 'Tue, 12 Nov 2019 20:31:16 GMT',
708 verbose headers   vary: 'Accept-Encoding',
708 verbose headers   'cf-cache-status': 'HIT',
708 verbose headers   'cf-request-id': '06b5e7c12b00001ac04aa27000000001',
708 verbose headers   'expect-ct': 'max-age=604800, report-uri="https://report-uri.cloudflare.com/cdn-cgi/beacon/expect-ct"',
708 verbose headers   server: 'cloudflare' }
709 silly get cb [ 304,
709 silly get   { date: 'Sun, 29 Nov 2020 14:01:08 GMT',
709 silly get     connection: 'keep-alive',
709 silly get     'set-cookie':
709 silly get      [ '__cfduid=d775e98cfe683ce4e13ff5184008f59ef1606658468; expires=Tue, 29-Dec-20 14:01:08 GMT; path=/; domain=.npmjs.org; HttpOnly; SameSite=Lax' ],
709 silly get     'cf-ray': '5f9cdbe1de741ac0-SIN',
709 silly get     age: '5192',
709 silly get     'cache-control': 'public, max-age=300',
709 silly get     etag: '"5ad1c4477edd9d858eb905974804ace2"',
709 silly get     'last-modified': 'Tue, 12 Nov 2019 20:31:16 GMT',
709 silly get     vary: 'Accept-Encoding',
709 silly get     'cf-cache-status': 'HIT',
709 silly get     'cf-request-id': '06b5e7c12b00001ac04aa27000000001',
709 silly get     'expect-ct': 'max-age=604800, report-uri="https://report-uri.cloudflare.com/cdn-cgi/beacon/expect-ct"',
709 silly get     server: 'cloudflare' } ]
710 verbose etag https://registry.npmjs.org/is-arguments from cache
711 verbose get saving is-arguments to /home/wilfauzy/.npm/registry.npmjs.org/is-arguments/.cache.json
712 verbose get https://registry.npmjs.org/isarray not expired, no request
713 silly addNameRange number 2 { name: 'isarray', range: '>=2.0.5 <3.0.0', hasData: true }
714 silly addNameRange versions [ 'isarray',
714 silly addNameRange   [ '0.0.0',
714 silly addNameRange     '0.0.1',
714 silly addNameRange     '1.0.0',
714 silly addNameRange     '2.0.0',
714 silly addNameRange     '2.0.1',
714 silly addNameRange     '2.0.2',
714 silly addNameRange     '2.0.3',
714 silly addNameRange     '2.0.4',
714 silly addNameRange     '2.0.5' ] ]
715 silly addNamed isarray@2.0.5
716 verbose addNamed "2.0.5" is a plain semver version for isarray
717 verbose stack Error: Missing required argument #1
717 verbose stack     at andLogAndFinish (/usr/share/npm/lib/fetch-package-metadata.js:31:3)
717 verbose stack     at fetchPackageMetadata (/usr/share/npm/lib/fetch-package-metadata.js:51:22)
717 verbose stack     at resolveWithNewModule (/usr/share/npm/lib/install/deps.js:456:12)
717 verbose stack     at /usr/share/npm/lib/install/deps.js:457:7
717 verbose stack     at /usr/share/npm/node_modules/iferr/index.js:13:50
717 verbose stack     at /usr/share/npm/lib/fetch-package-metadata.js:37:12
717 verbose stack     at addRequestedAndFinish (/usr/share/npm/lib/fetch-package-metadata.js:82:5)
717 verbose stack     at returnAndAddMetadata (/usr/share/npm/lib/fetch-package-metadata.js:117:7)
717 verbose stack     at pickVersionFromRegistryDocument (/usr/share/npm/lib/fetch-package-metadata.js:134:20)
717 verbose stack     at /usr/share/npm/node_modules/iferr/index.js:13:50
718 verbose cwd /home/wilfauzy/jekflix-template
719 error Linux 5.0.0-37-generic
720 error argv "/usr/bin/node" "/usr/bin/npm" "install" "--save-dev" "gulp-surge"
721 error node v8.10.0
722 error npm  v3.5.2
723 error code EMISSINGARG
724 error typeerror Error: Missing required argument #1
724 error typeerror     at andLogAndFinish (/usr/share/npm/lib/fetch-package-metadata.js:31:3)
724 error typeerror     at fetchPackageMetadata (/usr/share/npm/lib/fetch-package-metadata.js:51:22)
724 error typeerror     at resolveWithNewModule (/usr/share/npm/lib/install/deps.js:456:12)
724 error typeerror     at /usr/share/npm/lib/install/deps.js:457:7
724 error typeerror     at /usr/share/npm/node_modules/iferr/index.js:13:50
724 error typeerror     at /usr/share/npm/lib/fetch-package-metadata.js:37:12
724 error typeerror     at addRequestedAndFinish (/usr/share/npm/lib/fetch-package-metadata.js:82:5)
724 error typeerror     at returnAndAddMetadata (/usr/share/npm/lib/fetch-package-metadata.js:117:7)
724 error typeerror     at pickVersionFromRegistryDocument (/usr/share/npm/lib/fetch-package-metadata.js:134:20)
724 error typeerror     at /usr/share/npm/node_modules/iferr/index.js:13:50
725 error typeerror This is an error with npm itself. Please report this error at:
725 error typeerror     <http://github.com/npm/npm/issues>
726 verbose exit [ 1, true ]
